2025-07-28 09:37:34.774 [info] Extension host with pid 138068 started
2025-07-28 09:37:34.774 [error] Error: EEXIST: file already exists, open '/home/user/studio/~/.local/share/code-server/User/workspaceStorage/166a38c3/vscode.lock'
2025-07-28 09:37:34.790 [info] Lock '/home/user/studio/~/.local/share/code-server/User/workspaceStorage/166a38c3/vscode.lock': Could not acquire lock, checking if the file is stale.
2025-07-28 09:37:34.793 [info] Lock '/home/user/studio/~/.local/share/code-server/User/workspaceStorage/166a38c3/vscode.lock': The pid 25135 appears to be gone.
2025-07-28 09:37:34.793 [info] Lock '/home/user/studio/~/.local/share/code-server/User/workspaceStorage/166a38c3/vscode.lock': Deleting a stale lock.
2025-07-28 09:37:34.814 [info] Lock '/home/user/studio/~/.local/share/code-server/User/workspaceStorage/166a38c3/vscode.lock': Lock acquired.
2025-07-28 09:37:35.105 [info] ExtensionService#_doActivateExtension vscode.emmet, startup: false, activationEvent: 'onLanguage'
2025-07-28 09:37:35.110 [info] ExtensionService#_doActivateExtension vscode.typescript-language-features, startup: false, activationEvent: 'onLanguage:typescript'
2025-07-28 09:37:35.834 [info] ExtensionService#_doActivateExtension vscode.git-base, startup: true, activationEvent: '*', root cause: vscode.git
2025-07-28 09:37:35.874 [info] ExtensionService#_doActivateExtension vscode.npm, startup: true, activationEvent: 'workspaceContains:package.json'
2025-07-28 09:37:36.207 [debug] ProxyResolver#resolveProxy https://default.exp-tas.com/vscode/ab undefined 
2025-07-28 09:37:36.250 [info] ExtensionService#_doActivateExtension vscode.git, startup: true, activationEvent: '*'
2025-07-28 09:37:36.253 [info] ExtensionService#_doActivateExtension vscode.github, startup: true, activationEvent: '*'
2025-07-28 09:37:36.649 [debug] ProxyResolver#loadSystemCertificates count 129
2025-07-28 09:37:36.746 [debug] ProxyResolver#loadSystemCertificates count filtered 118
2025-07-28 09:37:37.965 [info] Eager extensions activated
2025-07-28 09:37:37.966 [info] ExtensionService#_doActivateExtension vscode.debug-auto-launch, startup: false, activationEvent: 'onStartupFinished'
2025-07-28 09:37:37.980 [info] ExtensionService#_doActivateExtension vscode.merge-conflict, startup: false, activationEvent: 'onStartupFinished'
2025-07-28 09:37:37.990 [info] ExtensionService#_doActivateExtension bradlc.vscode-tailwindcss, startup: false, activationEvent: 'onStartupFinished'
2025-07-28 09:37:37.995 [info] ExtensionService#_doActivateExtension esbenp.prettier-vscode, startup: false, activationEvent: 'onStartupFinished'
2025-07-28 09:37:40.558 [debug] ProxyResolver#resolveProxy https://mobile.events.data.microsoft.com/OneCollector/1.0?cors=true&content-type=application/x-json-stream undefined 
2025-07-28 09:37:41.212 [debug] ExtHostSearch /home/user/.local/lib/code-server-4.102.2/lib/vscode/node_modules/@vscode/ripgrep/bin/rg --files --hidden --case-sensitive --no-require-git -g '**/{tailwind,tailwind.config,tailwind.*.config,tailwind.config.*}.{js,cjs,ts,mjs,mts,cts}' -g '!**/.git' -g '!**/.svn' -g '!**/.hg' -g '!**/.DS_Store' -g '!**/Thumbs.db' -g '!**/*.crswap' -g '!/{**/.git,**/.svn,**/.hg,**/.DS_Store,**/Thumbs.db,**/*.crswap,**/.git/**,**/node_modules/**,**/.hg/**,**/.svn/**}' --no-ignore --follow --no-config --no-ignore-global
 - cwd: /home/user/studio
 - Sibling clauses: {}
2025-07-28 09:37:41.328 [debug] ExtHostSearch Search finished. Stats: {"cmdTime":127,"fileWalkTime":127,"directoriesWalked":0,"filesWalked":0,"cmdResultCount":1}
2025-07-28 09:37:41.332 [debug] Ext host file search time: 141ms
2025-07-28 09:37:41.379 [info] ExtensionService#_doActivateExtension vscode.github-authentication, startup: false, activationEvent: 'onAuthenticationRequest:github'
2025-07-28 09:37:42.436 [debug] ExtHostSearch /home/user/.local/lib/code-server-4.102.2/lib/vscode/node_modules/@vscode/ripgrep/bin/rg --files --hidden --case-sensitive --no-require-git -g '**/tsconfig*.json' -g '!**/.git' -g '!**/.svn' -g '!**/.hg' -g '!**/.DS_Store' -g '!**/Thumbs.db' -g '!**/*.crswap' -g '!**/{node_modules,.*}/**' --no-ignore --follow --no-config --no-ignore-global
 - cwd: /home/user/studio
 - Sibling clauses: {}
2025-07-28 09:37:42.451 [debug] ExtHostSearch /home/user/.local/lib/code-server-4.102.2/lib/vscode/node_modules/@vscode/ripgrep/bin/rg --files --hidden --case-sensitive --no-require-git -g '**/package.json' -g '!**/.git' -g '!**/.svn' -g '!**/.hg' -g '!**/.DS_Store' -g '!**/Thumbs.db' -g '!**/*.crswap' -g '!**/{node_modules,.vscode-test}/**' --no-ignore --follow --no-config --no-ignore-global
 - cwd: /home/user/studio
 - Sibling clauses: {}
2025-07-28 09:37:42.471 [debug] ExtHostSearch Search finished. Stats: {"cmdTime":49,"fileWalkTime":49,"directoriesWalked":0,"filesWalked":0,"cmdResultCount":2}
2025-07-28 09:37:42.480 [debug] Ext host file search time: 62ms
2025-07-28 09:37:42.493 [debug] ExtHostSearch Search finished. Stats: {"cmdTime":55,"fileWalkTime":55,"directoriesWalked":0,"filesWalked":0,"cmdResultCount":8}
2025-07-28 09:37:42.493 [debug] Ext host file search time: 74ms
2025-07-28 09:37:42.750 [info] ExtensionService#_doActivateExtension vscode.configuration-editing, startup: false, activationEvent: 'onLanguage:json'
2025-07-28 09:37:42.751 [info] ExtensionService#_doActivateExtension vscode.extension-editing, startup: false, activationEvent: 'onLanguage:json'
2025-07-28 09:37:42.754 [info] ExtensionService#_doActivateExtension vscode.json-language-features, startup: false, activationEvent: 'onLanguage:json'
2025-07-28 09:37:43.859 [debug] ProxyResolver#resolveProxy https://mobile.events.data.microsoft.com/OneCollector/1.0?cors=true&content-type=application/x-json-stream undefined 
2025-07-28 09:37:56.306 [debug] ProxyResolver#resolveProxy https://mobile.events.data.microsoft.com/OneCollector/1.0?cors=true&content-type=application/x-json-stream undefined 
2025-07-28 09:44:30.510 [info] Extension host terminating: received terminate message from renderer
2025-07-28 09:44:30.510 [info] Lock '/home/user/studio/~/.local/share/code-server/User/workspaceStorage/166a38c3/vscode.lock': Marking the lockfile as scheduled to be released in 6000 ms.
2025-07-28 09:44:30.628 [error] [bradlc.vscode-tailwindcss] provider FAILED
2025-07-28 09:44:30.632 [error] Error: Channel has been closed
	at s (file:///home/user/.local/lib/code-server-4.102.2/lib/vscode/out/vs/workbench/api/node/extensionHostProcess.js:120:2431)
	at Object.appendLine (file:///home/user/.local/lib/code-server-4.102.2/lib/vscode/out/vs/workbench/api/node/extensionHostProcess.js:120:2570)
	at ed.error (/home/user/studio/~/.local/share/code-server/extensions/bradlc.vscode-tailwindcss-0.14.25-universal/dist/extension.js:39:683)
	at ed.handleFailedRequest (/home/user/studio/~/.local/share/code-server/extensions/bradlc.vscode-tailwindcss-0.14.25-universal/dist/extension.js:39:21044)
	at /home/user/studio/~/.local/share/code-server/extensions/bradlc.vscode-tailwindcss-0.14.25-universal/dist/extension.js:37:72953
	at process.processTicksAndRejections (node:internal/process/task_queues:105:5)
	at async Object.provideDocumentColors (/home/user/studio/~/.local/share/code-server/extensions/bradlc.vscode-tailwindcss-0.14.25-universal/dist/extension.js:40:14320)
	at async cA.provideColors (file:///home/user/.local/lib/code-server-4.102.2/lib/vscode/out/vs/workbench/api/node/extensionHostProcess.js:140:151102)
2025-07-28 09:44:30.679 [info] Extension host with pid 138068 exiting with code 0
