2025-07-28 09:37:40.802 [info] [main] Log level: Debug
2025-07-28 09:37:40.802 [info] [main] Validating found git in: "git"
2025-07-28 09:37:40.802 [info] [main] Using git "2.47.2" from "git"
2025-07-28 09:37:40.802 [info] [Model][doInitialScan] Initial repository scan started
2025-07-28 09:37:40.802 [info] > git rev-parse --show-toplevel [546ms]
2025-07-28 09:37:40.802 [info] > git rev-parse --git-dir --git-common-dir [69ms]
2025-07-28 09:37:40.802 [info] [Model][openRepository] Opened repository (path): /home/user/studio
2025-07-28 09:37:40.802 [info] [Model][openRepository] Opened repository (real path): /home/user/studio
2025-07-28 09:37:40.838 [info] > git config --get commit.template [287ms]
2025-07-28 09:37:40.910 [info] > git rev-parse --show-toplevel [47ms]
2025-07-28 09:37:40.970 [info] > git for-each-ref --format=%(refname)%00%(upstream:short)%00%(objectname)%00%(upstream:track)%00%(upstream:remotename)%00%(upstream:remoteref) refs/heads/main refs/remotes/main [78ms]
2025-07-28 09:37:40.985 [info] > git rev-parse --show-toplevel [24ms]
2025-07-28 09:37:41.044 [info] > git status -z -uall [21ms]
2025-07-28 09:37:41.047 [info] > git rev-parse --show-toplevel [47ms]
2025-07-28 09:37:41.095 [info] > git rev-parse --show-toplevel [36ms]
2025-07-28 09:37:41.096 [info] > git for-each-ref --sort -committerdate --format %(refname)%00%(objectname)%00%(*objectname) [53ms]
2025-07-28 09:37:41.215 [info] > git for-each-ref --format=%(refname)%00%(upstream:short)%00%(objectname)%00%(upstream:track)%00%(upstream:remotename)%00%(upstream:remoteref) refs/heads/main refs/remotes/main [67ms]
2025-07-28 09:37:41.307 [info] > git config --get --local branch.main.vscode-merge-base [71ms]
2025-07-28 09:37:41.308 [warning] [Git][config] git config failed: Failed to execute git
2025-07-28 09:37:41.333 [info] > git config --get commit.template [144ms]
2025-07-28 09:37:41.333 [info] > git rev-parse --show-toplevel [159ms]
2025-07-28 09:37:41.481 [info] > git check-ignore -v -z --stdin [125ms]
2025-07-28 09:37:41.485 [info] > git rev-parse --show-toplevel [114ms]
2025-07-28 09:37:41.487 [info] > git reflog main --grep-reflog=branch: Created from *. [160ms]
2025-07-28 09:37:41.530 [info] > git for-each-ref --format=%(refname)%00%(upstream:short)%00%(objectname)%00%(upstream:track)%00%(upstream:remotename)%00%(upstream:remoteref) refs/heads/main refs/remotes/main [52ms]
2025-07-28 09:37:41.531 [info] > git rev-parse --show-toplevel [27ms]
2025-07-28 09:37:41.532 [info] > git symbolic-ref --short refs/remotes/origin/HEAD [38ms]
2025-07-28 09:37:41.532 [info] fatal: ref refs/remotes/origin/HEAD is not a symbolic ref
2025-07-28 09:37:41.532 [warning] [Repository][getDefaultBranch] Failed to get default branch details: Failed to execute git.
2025-07-28 09:37:41.609 [info] > git rev-parse --show-toplevel [55ms]
2025-07-28 09:37:41.623 [info] [Model][doInitialScan] Initial repository scan completed - repositories (1), closed repositories (0), parent repositories (0), unsafe repositories (0)
2025-07-28 09:37:41.647 [info] > git merge-base refs/heads/main refs/remotes/origin/main [105ms]
2025-07-28 09:37:41.669 [info] > git show --textconv :next.config.ts [30ms]
2025-07-28 09:37:41.669 [info] > git status -z -uall [10ms]
2025-07-28 09:37:41.669 [info] > git ls-files --stage -- next.config.ts [22ms]
2025-07-28 09:37:41.708 [info] > git for-each-ref --sort -committerdate --format %(refname)%00%(objectname)%00%(*objectname) [41ms]
2025-07-28 09:37:41.740 [info] > git diff --name-status -z --diff-filter=ADMR ab65441db48990f73b4370659d0940a14557166f...refs/remotes/origin/main [87ms]
2025-07-28 09:37:41.785 [info] > git merge-base refs/heads/main refs/remotes/origin/main [50ms]
2025-07-28 09:37:41.795 [info] > git cat-file -s 9d8de362bbe1cd2da3e71af087a3cdf789e718e1 [113ms]
2025-07-28 09:37:41.809 [info] > git diff --name-status -z --diff-filter=ADMR ab65441db48990f73b4370659d0940a14557166f...refs/remotes/origin/main [14ms]
2025-07-28 09:37:42.020 [info] > git blame --root --incremental 94d971d6f5c687a5ba8f1fdcea7ff0195661ab60 -- next.config.ts [32ms]
2025-07-28 09:37:46.223 [debug] [FileEventLogger][onWorkspaceWorkingTreeFileChange] /home/user/studio/~/.local/share/code-server/logs/20250728T093727/exthost1/output_logging_20250728T093734/1-Tailwind CSS IntelliSense.log
2025-07-28 09:37:46.320 [debug] [FileEventLogger][onWorkspaceWorkingTreeFileChange] /home/user/studio/~/.local/share/code-server/logs/20250728T093727/exthost1/output_logging_20250728T093734/1-Tailwind CSS IntelliSense.log
2025-07-28 09:37:46.566 [debug] [FileEventLogger][onWorkspaceWorkingTreeFileChange] /home/user/studio/~/.local/share/code-server/User/workspaceStorage/166a38c3/vscode.lock
2025-07-28 09:37:46.570 [debug] [FileEventLogger][onWorkspaceWorkingTreeFileChange] /home/user/studio/~/.local/share/code-server/logs/20250728T093727/exthost1/output_logging_20250728T093734/1-Tailwind CSS IntelliSense.log
2025-07-28 09:37:47.510 [debug] [FileEventLogger][onWorkspaceWorkingTreeFileChange] /home/user/studio/~/.local/share/code-server/User/workspaceStorage/166a38c3/vscode.lock
2025-07-28 09:37:48.524 [debug] [FileEventLogger][onWorkspaceWorkingTreeFileChange] /home/user/studio/~/.local/share/code-server/User/workspaceStorage/166a38c3/vscode.lock
2025-07-28 09:37:49.523 [debug] [FileEventLogger][onWorkspaceWorkingTreeFileChange] /home/user/studio/~/.local/share/code-server/User/workspaceStorage/166a38c3/vscode.lock
2025-07-28 09:37:50.521 [debug] [FileEventLogger][onWorkspaceWorkingTreeFileChange] /home/user/studio/~/.local/share/code-server/User/workspaceStorage/166a38c3/vscode.lock
2025-07-28 09:37:51.522 [debug] [FileEventLogger][onWorkspaceWorkingTreeFileChange] /home/user/studio/~/.local/share/code-server/User/workspaceStorage/166a38c3/vscode.lock
2025-07-28 09:37:52.521 [debug] [FileEventLogger][onWorkspaceWorkingTreeFileChange] /home/user/studio/~/.local/share/code-server/User/workspaceStorage/166a38c3/vscode.lock
2025-07-28 09:37:53.513 [debug] [FileEventLogger][onWorkspaceWorkingTreeFileChange] /home/user/studio/~/.local/share/code-server/User/workspaceStorage/166a38c3/vscode.lock
2025-07-28 09:37:54.389 [debug] [FileEventLogger][onWorkspaceWorkingTreeFileChange] /home/user/studio/~/.local/share/code-server/logs/20250728T093727/exthost1/output_logging_20250728T093734/1-Tailwind CSS IntelliSense.log
2025-07-28 09:37:54.597 [debug] [FileEventLogger][onWorkspaceWorkingTreeFileChange] /home/user/studio/~/.local/share/code-server/User/workspaceStorage/166a38c3/vscode.lock
2025-07-28 09:37:55.516 [debug] [FileEventLogger][onWorkspaceWorkingTreeFileChange] /home/user/studio/~/.local/share/code-server/User/workspaceStorage/166a38c3/vscode.lock
2025-07-28 09:37:56.464 [debug] [FileEventLogger][onWorkspaceWorkingTreeFileChange] /home/user/studio/~/.local/share/code-server/logs/20250728T093727/exthost1/remoteexthost.log
2025-07-28 09:37:56.563 [debug] [FileEventLogger][onWorkspaceWorkingTreeFileChange] /home/user/studio/~/.local/share/code-server/User/workspaceStorage/166a38c3/vscode.lock
2025-07-28 09:37:57.515 [debug] [FileEventLogger][onWorkspaceWorkingTreeFileChange] /home/user/studio/~/.local/share/code-server/User/workspaceStorage/166a38c3/vscode.lock
2025-07-28 09:37:58.515 [debug] [FileEventLogger][onWorkspaceWorkingTreeFileChange] /home/user/studio/~/.local/share/code-server/User/workspaceStorage/166a38c3/vscode.lock
2025-07-28 09:37:59.517 [debug] [FileEventLogger][onWorkspaceWorkingTreeFileChange] /home/user/studio/~/.local/share/code-server/User/workspaceStorage/166a38c3/vscode.lock
2025-07-28 09:38:00.523 [debug] [FileEventLogger][onWorkspaceWorkingTreeFileChange] /home/user/studio/~/.local/share/code-server/User/workspaceStorage/166a38c3/vscode.lock
2025-07-28 09:38:01.519 [debug] [FileEventLogger][onWorkspaceWorkingTreeFileChange] /home/user/studio/~/.local/share/code-server/User/workspaceStorage/166a38c3/vscode.lock
2025-07-28 09:38:02.515 [debug] [FileEventLogger][onWorkspaceWorkingTreeFileChange] /home/user/studio/~/.local/share/code-server/User/workspaceStorage/166a38c3/vscode.lock
2025-07-28 09:38:03.513 [debug] [FileEventLogger][onWorkspaceWorkingTreeFileChange] /home/user/studio/~/.local/share/code-server/User/workspaceStorage/166a38c3/vscode.lock
2025-07-28 09:38:04.518 [debug] [FileEventLogger][onWorkspaceWorkingTreeFileChange] /home/user/studio/~/.local/share/code-server/User/workspaceStorage/166a38c3/vscode.lock
2025-07-28 09:38:05.516 [debug] [FileEventLogger][onWorkspaceWorkingTreeFileChange] /home/user/studio/~/.local/share/code-server/User/workspaceStorage/166a38c3/vscode.lock
2025-07-28 09:38:06.514 [debug] [FileEventLogger][onWorkspaceWorkingTreeFileChange] /home/user/studio/~/.local/share/code-server/User/workspaceStorage/166a38c3/vscode.lock
2025-07-28 09:38:07.515 [debug] [FileEventLogger][onWorkspaceWorkingTreeFileChange] /home/user/studio/~/.local/share/code-server/User/workspaceStorage/166a38c3/vscode.lock
2025-07-28 09:38:08.518 [debug] [FileEventLogger][onWorkspaceWorkingTreeFileChange] /home/user/studio/~/.local/share/code-server/User/workspaceStorage/166a38c3/vscode.lock
2025-07-28 09:38:09.524 [debug] [FileEventLogger][onWorkspaceWorkingTreeFileChange] /home/user/studio/~/.local/share/code-server/User/workspaceStorage/166a38c3/vscode.lock
2025-07-28 09:38:10.521 [debug] [FileEventLogger][onWorkspaceWorkingTreeFileChange] /home/user/studio/~/.local/share/code-server/User/workspaceStorage/166a38c3/vscode.lock
2025-07-28 09:38:11.516 [debug] [FileEventLogger][onWorkspaceWorkingTreeFileChange] /home/user/studio/~/.local/share/code-server/User/workspaceStorage/166a38c3/vscode.lock
2025-07-28 09:38:12.523 [debug] [FileEventLogger][onWorkspaceWorkingTreeFileChange] /home/user/studio/~/.local/share/code-server/User/workspaceStorage/166a38c3/vscode.lock
2025-07-28 09:38:13.517 [debug] [FileEventLogger][onWorkspaceWorkingTreeFileChange] /home/user/studio/~/.local/share/code-server/User/workspaceStorage/166a38c3/vscode.lock
2025-07-28 09:38:14.522 [debug] [FileEventLogger][onWorkspaceWorkingTreeFileChange] /home/user/studio/~/.local/share/code-server/User/workspaceStorage/166a38c3/vscode.lock
2025-07-28 09:38:15.519 [debug] [FileEventLogger][onWorkspaceWorkingTreeFileChange] /home/user/studio/~/.local/share/code-server/User/workspaceStorage/166a38c3/vscode.lock
2025-07-28 09:38:16.520 [debug] [FileEventLogger][onWorkspaceWorkingTreeFileChange] /home/user/studio/~/.local/share/code-server/User/workspaceStorage/166a38c3/vscode.lock
2025-07-28 09:38:17.522 [debug] [FileEventLogger][onWorkspaceWorkingTreeFileChange] /home/user/studio/~/.local/share/code-server/User/workspaceStorage/166a38c3/vscode.lock
2025-07-28 09:38:18.537 [debug] [FileEventLogger][onWorkspaceWorkingTreeFileChange] /home/user/studio/~/.local/share/code-server/User/workspaceStorage/166a38c3/vscode.lock
2025-07-28 09:38:19.527 [debug] [FileEventLogger][onWorkspaceWorkingTreeFileChange] /home/user/studio/~/.local/share/code-server/User/workspaceStorage/166a38c3/vscode.lock
2025-07-28 09:38:20.523 [debug] [FileEventLogger][onWorkspaceWorkingTreeFileChange] /home/user/studio/~/.local/share/code-server/User/workspaceStorage/166a38c3/vscode.lock
2025-07-28 09:38:21.522 [debug] [FileEventLogger][onWorkspaceWorkingTreeFileChange] /home/user/studio/~/.local/share/code-server/User/workspaceStorage/166a38c3/vscode.lock
2025-07-28 09:38:22.525 [debug] [FileEventLogger][onWorkspaceWorkingTreeFileChange] /home/user/studio/~/.local/share/code-server/User/workspaceStorage/166a38c3/vscode.lock
2025-07-28 09:38:23.525 [debug] [FileEventLogger][onWorkspaceWorkingTreeFileChange] /home/user/studio/~/.local/share/code-server/User/workspaceStorage/166a38c3/vscode.lock
2025-07-28 09:38:24.525 [debug] [FileEventLogger][onWorkspaceWorkingTreeFileChange] /home/user/studio/~/.local/share/code-server/User/workspaceStorage/166a38c3/vscode.lock
2025-07-28 09:38:25.525 [debug] [FileEventLogger][onWorkspaceWorkingTreeFileChange] /home/user/studio/~/.local/share/code-server/User/workspaceStorage/166a38c3/vscode.lock
2025-07-28 09:38:26.576 [debug] [FileEventLogger][onWorkspaceWorkingTreeFileChange] /home/user/studio/~/.local/share/code-server/User/workspaceStorage/166a38c3/vscode.lock
2025-07-28 09:38:27.530 [debug] [FileEventLogger][onWorkspaceWorkingTreeFileChange] /home/user/studio/~/.local/share/code-server/User/workspaceStorage/166a38c3/vscode.lock
2025-07-28 09:38:28.582 [debug] [FileEventLogger][onWorkspaceWorkingTreeFileChange] /home/user/studio/~/.local/share/code-server/User/workspaceStorage/166a38c3/vscode.lock
2025-07-28 09:38:29.533 [debug] [FileEventLogger][onWorkspaceWorkingTreeFileChange] /home/user/studio/~/.local/share/code-server/User/workspaceStorage/166a38c3/vscode.lock
2025-07-28 09:38:30.531 [debug] [FileEventLogger][onWorkspaceWorkingTreeFileChange] /home/user/studio/~/.local/share/code-server/User/workspaceStorage/166a38c3/vscode.lock
2025-07-28 09:38:31.533 [debug] [FileEventLogger][onWorkspaceWorkingTreeFileChange] /home/user/studio/~/.local/share/code-server/User/workspaceStorage/166a38c3/vscode.lock
2025-07-28 09:38:32.533 [debug] [FileEventLogger][onWorkspaceWorkingTreeFileChange] /home/user/studio/~/.local/share/code-server/User/workspaceStorage/166a38c3/vscode.lock
2025-07-28 09:38:33.580 [debug] [FileEventLogger][onWorkspaceWorkingTreeFileChange] /home/user/studio/~/.local/share/code-server/User/workspaceStorage/166a38c3/vscode.lock
2025-07-28 09:38:34.539 [debug] [FileEventLogger][onWorkspaceWorkingTreeFileChange] /home/user/studio/~/.local/share/code-server/User/workspaceStorage/166a38c3/vscode.lock
2025-07-28 09:38:35.544 [debug] [FileEventLogger][onWorkspaceWorkingTreeFileChange] /home/user/studio/~/.local/share/code-server/User/workspaceStorage/166a38c3/vscode.lock
2025-07-28 09:38:36.537 [debug] [FileEventLogger][onWorkspaceWorkingTreeFileChange] /home/user/studio/~/.local/share/code-server/User/workspaceStorage/166a38c3/vscode.lock
2025-07-28 09:38:37.540 [debug] [FileEventLogger][onWorkspaceWorkingTreeFileChange] /home/user/studio/~/.local/share/code-server/User/workspaceStorage/166a38c3/vscode.lock
2025-07-28 09:38:38.588 [debug] [FileEventLogger][onWorkspaceWorkingTreeFileChange] /home/user/studio/~/.local/share/code-server/User/workspaceStorage/166a38c3/vscode.lock
2025-07-28 09:38:39.541 [debug] [FileEventLogger][onWorkspaceWorkingTreeFileChange] /home/user/studio/~/.local/share/code-server/User/workspaceStorage/166a38c3/vscode.lock
2025-07-28 09:38:40.543 [debug] [FileEventLogger][onWorkspaceWorkingTreeFileChange] /home/user/studio/~/.local/share/code-server/User/workspaceStorage/166a38c3/vscode.lock
2025-07-28 09:38:41.541 [debug] [FileEventLogger][onWorkspaceWorkingTreeFileChange] /home/user/studio/~/.local/share/code-server/User/workspaceStorage/166a38c3/vscode.lock
2025-07-28 09:38:42.540 [debug] [FileEventLogger][onWorkspaceWorkingTreeFileChange] /home/user/studio/~/.local/share/code-server/User/workspaceStorage/166a38c3/vscode.lock
2025-07-28 09:38:43.589 [debug] [FileEventLogger][onWorkspaceWorkingTreeFileChange] /home/user/studio/~/.local/share/code-server/User/workspaceStorage/166a38c3/vscode.lock
2025-07-28 09:38:44.542 [debug] [FileEventLogger][onWorkspaceWorkingTreeFileChange] /home/user/studio/~/.local/share/code-server/User/workspaceStorage/166a38c3/vscode.lock
2025-07-28 09:38:45.543 [debug] [FileEventLogger][onWorkspaceWorkingTreeFileChange] /home/user/studio/~/.local/share/code-server/User/workspaceStorage/166a38c3/vscode.lock
2025-07-28 09:38:46.547 [debug] [FileEventLogger][onWorkspaceWorkingTreeFileChange] /home/user/studio/~/.local/share/code-server/User/workspaceStorage/166a38c3/vscode.lock
2025-07-28 09:38:47.546 [debug] [FileEventLogger][onWorkspaceWorkingTreeFileChange] /home/user/studio/~/.local/share/code-server/User/workspaceStorage/166a38c3/vscode.lock
2025-07-28 09:38:48.583 [debug] [FileEventLogger][onWorkspaceWorkingTreeFileChange] /home/user/studio/~/.local/share/code-server/User/workspaceStorage/166a38c3/vscode.lock
2025-07-28 09:38:49.551 [debug] [FileEventLogger][onWorkspaceWorkingTreeFileChange] /home/user/studio/~/.local/share/code-server/User/workspaceStorage/166a38c3/vscode.lock
2025-07-28 09:38:50.551 [debug] [FileEventLogger][onWorkspaceWorkingTreeFileChange] /home/user/studio/~/.local/share/code-server/User/workspaceStorage/166a38c3/vscode.lock
2025-07-28 09:38:51.550 [debug] [FileEventLogger][onWorkspaceWorkingTreeFileChange] /home/user/studio/~/.local/share/code-server/User/workspaceStorage/166a38c3/vscode.lock
2025-07-28 09:38:52.556 [debug] [FileEventLogger][onWorkspaceWorkingTreeFileChange] /home/user/studio/~/.local/share/code-server/User/workspaceStorage/166a38c3/vscode.lock
2025-07-28 09:38:53.552 [debug] [FileEventLogger][onWorkspaceWorkingTreeFileChange] /home/user/studio/~/.local/share/code-server/User/workspaceStorage/166a38c3/vscode.lock
2025-07-28 09:38:54.554 [debug] [FileEventLogger][onWorkspaceWorkingTreeFileChange] /home/user/studio/~/.local/share/code-server/User/workspaceStorage/166a38c3/vscode.lock
2025-07-28 09:38:55.555 [debug] [FileEventLogger][onWorkspaceWorkingTreeFileChange] /home/user/studio/~/.local/share/code-server/User/workspaceStorage/166a38c3/vscode.lock
2025-07-28 09:38:56.569 [debug] [FileEventLogger][onWorkspaceWorkingTreeFileChange] /home/user/studio/~/.local/share/code-server/User/workspaceStorage/166a38c3/vscode.lock
2025-07-28 09:38:57.558 [debug] [FileEventLogger][onWorkspaceWorkingTreeFileChange] /home/user/studio/~/.local/share/code-server/User/workspaceStorage/166a38c3/vscode.lock
2025-07-28 09:38:58.556 [debug] [FileEventLogger][onWorkspaceWorkingTreeFileChange] /home/user/studio/~/.local/share/code-server/User/workspaceStorage/166a38c3/vscode.lock
2025-07-28 09:38:59.557 [debug] [FileEventLogger][onWorkspaceWorkingTreeFileChange] /home/user/studio/~/.local/share/code-server/User/workspaceStorage/166a38c3/vscode.lock
2025-07-28 09:39:00.557 [debug] [FileEventLogger][onWorkspaceWorkingTreeFileChange] /home/user/studio/~/.local/share/code-server/User/workspaceStorage/166a38c3/vscode.lock
2025-07-28 09:39:01.558 [debug] [FileEventLogger][onWorkspaceWorkingTreeFileChange] /home/user/studio/~/.local/share/code-server/User/workspaceStorage/166a38c3/vscode.lock
2025-07-28 09:39:02.565 [debug] [FileEventLogger][onWorkspaceWorkingTreeFileChange] /home/user/studio/~/.local/share/code-server/User/workspaceStorage/166a38c3/vscode.lock
2025-07-28 09:39:03.560 [debug] [FileEventLogger][onWorkspaceWorkingTreeFileChange] /home/user/studio/~/.local/share/code-server/User/workspaceStorage/166a38c3/vscode.lock
2025-07-28 09:39:04.562 [debug] [FileEventLogger][onWorkspaceWorkingTreeFileChange] /home/user/studio/~/.local/share/code-server/User/workspaceStorage/166a38c3/vscode.lock
2025-07-28 09:39:05.560 [debug] [FileEventLogger][onWorkspaceWorkingTreeFileChange] /home/user/studio/~/.local/share/code-server/User/workspaceStorage/166a38c3/vscode.lock
2025-07-28 09:39:06.563 [debug] [FileEventLogger][onWorkspaceWorkingTreeFileChange] /home/user/studio/~/.local/share/code-server/User/workspaceStorage/166a38c3/vscode.lock
2025-07-28 09:39:07.568 [debug] [FileEventLogger][onWorkspaceWorkingTreeFileChange] /home/user/studio/~/.local/share/code-server/User/workspaceStorage/166a38c3/vscode.lock
2025-07-28 09:39:08.564 [debug] [FileEventLogger][onWorkspaceWorkingTreeFileChange] /home/user/studio/~/.local/share/code-server/User/workspaceStorage/166a38c3/vscode.lock
2025-07-28 09:39:09.566 [debug] [FileEventLogger][onWorkspaceWorkingTreeFileChange] /home/user/studio/~/.local/share/code-server/User/workspaceStorage/166a38c3/vscode.lock
2025-07-28 09:39:10.567 [debug] [FileEventLogger][onWorkspaceWorkingTreeFileChange] /home/user/studio/~/.local/share/code-server/User/workspaceStorage/166a38c3/vscode.lock
2025-07-28 09:39:11.566 [debug] [FileEventLogger][onWorkspaceWorkingTreeFileChange] /home/user/studio/~/.local/share/code-server/User/workspaceStorage/166a38c3/vscode.lock
2025-07-28 09:39:12.570 [debug] [FileEventLogger][onWorkspaceWorkingTreeFileChange] /home/user/studio/~/.local/share/code-server/User/workspaceStorage/166a38c3/vscode.lock
2025-07-28 09:39:13.571 [debug] [FileEventLogger][onWorkspaceWorkingTreeFileChange] /home/user/studio/~/.local/share/code-server/User/workspaceStorage/166a38c3/vscode.lock
2025-07-28 09:39:14.570 [debug] [FileEventLogger][onWorkspaceWorkingTreeFileChange] /home/user/studio/~/.local/share/code-server/User/workspaceStorage/166a38c3/vscode.lock
2025-07-28 09:39:15.568 [debug] [FileEventLogger][onWorkspaceWorkingTreeFileChange] /home/user/studio/~/.local/share/code-server/User/workspaceStorage/166a38c3/vscode.lock
2025-07-28 09:39:16.570 [debug] [FileEventLogger][onWorkspaceWorkingTreeFileChange] /home/user/studio/~/.local/share/code-server/User/workspaceStorage/166a38c3/vscode.lock
2025-07-28 09:39:17.575 [debug] [FileEventLogger][onWorkspaceWorkingTreeFileChange] /home/user/studio/~/.local/share/code-server/User/workspaceStorage/166a38c3/vscode.lock
2025-07-28 09:39:18.570 [debug] [FileEventLogger][onWorkspaceWorkingTreeFileChange] /home/user/studio/~/.local/share/code-server/User/workspaceStorage/166a38c3/vscode.lock
2025-07-28 09:39:19.574 [debug] [FileEventLogger][onWorkspaceWorkingTreeFileChange] /home/user/studio/~/.local/share/code-server/User/workspaceStorage/166a38c3/vscode.lock
2025-07-28 09:39:20.572 [debug] [FileEventLogger][onWorkspaceWorkingTreeFileChange] /home/user/studio/~/.local/share/code-server/User/workspaceStorage/166a38c3/vscode.lock
2025-07-28 09:39:21.576 [debug] [FileEventLogger][onWorkspaceWorkingTreeFileChange] /home/user/studio/~/.local/share/code-server/User/workspaceStorage/166a38c3/vscode.lock
2025-07-28 09:39:22.577 [debug] [FileEventLogger][onWorkspaceWorkingTreeFileChange] /home/user/studio/~/.local/share/code-server/User/workspaceStorage/166a38c3/vscode.lock
2025-07-28 09:39:23.574 [debug] [FileEventLogger][onWorkspaceWorkingTreeFileChange] /home/user/studio/~/.local/share/code-server/User/workspaceStorage/166a38c3/vscode.lock
2025-07-28 09:39:24.575 [debug] [FileEventLogger][onWorkspaceWorkingTreeFileChange] /home/user/studio/~/.local/share/code-server/User/workspaceStorage/166a38c3/vscode.lock
2025-07-28 09:39:25.575 [debug] [FileEventLogger][onWorkspaceWorkingTreeFileChange] /home/user/studio/~/.local/share/code-server/User/workspaceStorage/166a38c3/vscode.lock
2025-07-28 09:39:26.577 [debug] [FileEventLogger][onWorkspaceWorkingTreeFileChange] /home/user/studio/~/.local/share/code-server/User/workspaceStorage/166a38c3/vscode.lock
2025-07-28 09:39:27.579 [debug] [FileEventLogger][onWorkspaceWorkingTreeFileChange] /home/user/studio/~/.local/share/code-server/User/workspaceStorage/166a38c3/vscode.lock
2025-07-28 09:39:28.580 [debug] [FileEventLogger][onWorkspaceWorkingTreeFileChange] /home/user/studio/~/.local/share/code-server/User/workspaceStorage/166a38c3/vscode.lock
2025-07-28 09:39:29.580 [debug] [FileEventLogger][onWorkspaceWorkingTreeFileChange] /home/user/studio/~/.local/share/code-server/User/workspaceStorage/166a38c3/vscode.lock
2025-07-28 09:39:30.581 [debug] [FileEventLogger][onWorkspaceWorkingTreeFileChange] /home/user/studio/~/.local/share/code-server/User/workspaceStorage/166a38c3/vscode.lock
2025-07-28 09:39:31.582 [debug] [FileEventLogger][onWorkspaceWorkingTreeFileChange] /home/user/studio/~/.local/share/code-server/User/workspaceStorage/166a38c3/vscode.lock
2025-07-28 09:39:32.584 [debug] [FileEventLogger][onWorkspaceWorkingTreeFileChange] /home/user/studio/~/.local/share/code-server/User/workspaceStorage/166a38c3/vscode.lock
2025-07-28 09:39:33.581 [debug] [FileEventLogger][onWorkspaceWorkingTreeFileChange] /home/user/studio/~/.local/share/code-server/User/workspaceStorage/166a38c3/vscode.lock
2025-07-28 09:39:34.579 [debug] [FileEventLogger][onWorkspaceWorkingTreeFileChange] /home/user/studio/~/.local/share/code-server/User/workspaceStorage/166a38c3/vscode.lock
2025-07-28 09:39:35.582 [debug] [FileEventLogger][onWorkspaceWorkingTreeFileChange] /home/user/studio/~/.local/share/code-server/User/workspaceStorage/166a38c3/vscode.lock
2025-07-28 09:39:36.583 [debug] [FileEventLogger][onWorkspaceWorkingTreeFileChange] /home/user/studio/~/.local/share/code-server/User/workspaceStorage/166a38c3/vscode.lock
2025-07-28 09:39:37.581 [debug] [FileEventLogger][onWorkspaceWorkingTreeFileChange] /home/user/studio/~/.local/share/code-server/User/workspaceStorage/166a38c3/vscode.lock
2025-07-28 09:39:38.582 [debug] [FileEventLogger][onWorkspaceWorkingTreeFileChange] /home/user/studio/~/.local/share/code-server/User/workspaceStorage/166a38c3/vscode.lock
2025-07-28 09:39:39.583 [debug] [FileEventLogger][onWorkspaceWorkingTreeFileChange] /home/user/studio/~/.local/share/code-server/User/workspaceStorage/166a38c3/vscode.lock
2025-07-28 09:39:40.583 [debug] [FileEventLogger][onWorkspaceWorkingTreeFileChange] /home/user/studio/~/.local/share/code-server/User/workspaceStorage/166a38c3/vscode.lock
2025-07-28 09:39:41.584 [debug] [FileEventLogger][onWorkspaceWorkingTreeFileChange] /home/user/studio/~/.local/share/code-server/User/workspaceStorage/166a38c3/vscode.lock
2025-07-28 09:39:42.584 [debug] [FileEventLogger][onWorkspaceWorkingTreeFileChange] /home/user/studio/~/.local/share/code-server/User/workspaceStorage/166a38c3/vscode.lock
2025-07-28 09:39:43.585 [debug] [FileEventLogger][onWorkspaceWorkingTreeFileChange] /home/user/studio/~/.local/share/code-server/User/workspaceStorage/166a38c3/vscode.lock
2025-07-28 09:39:44.588 [debug] [FileEventLogger][onWorkspaceWorkingTreeFileChange] /home/user/studio/~/.local/share/code-server/User/workspaceStorage/166a38c3/vscode.lock
2025-07-28 09:39:45.588 [debug] [FileEventLogger][onWorkspaceWorkingTreeFileChange] /home/user/studio/~/.local/share/code-server/User/workspaceStorage/166a38c3/vscode.lock
2025-07-28 09:39:46.592 [debug] [FileEventLogger][onWorkspaceWorkingTreeFileChange] /home/user/studio/~/.local/share/code-server/User/workspaceStorage/166a38c3/vscode.lock
2025-07-28 09:39:47.589 [debug] [FileEventLogger][onWorkspaceWorkingTreeFileChange] /home/user/studio/~/.local/share/code-server/User/workspaceStorage/166a38c3/vscode.lock
2025-07-28 09:39:48.591 [debug] [FileEventLogger][onWorkspaceWorkingTreeFileChange] /home/user/studio/~/.local/share/code-server/User/workspaceStorage/166a38c3/vscode.lock
2025-07-28 09:39:49.593 [debug] [FileEventLogger][onWorkspaceWorkingTreeFileChange] /home/user/studio/~/.local/share/code-server/User/workspaceStorage/166a38c3/vscode.lock
2025-07-28 09:39:50.595 [debug] [FileEventLogger][onWorkspaceWorkingTreeFileChange] /home/user/studio/~/.local/share/code-server/User/workspaceStorage/166a38c3/vscode.lock
2025-07-28 09:39:51.593 [debug] [FileEventLogger][onWorkspaceWorkingTreeFileChange] /home/user/studio/~/.local/share/code-server/User/workspaceStorage/166a38c3/vscode.lock
2025-07-28 09:39:52.616 [debug] [FileEventLogger][onWorkspaceWorkingTreeFileChange] /home/user/studio/~/.local/share/code-server/User/workspaceStorage/166a38c3/vscode.lock
2025-07-28 09:39:53.595 [debug] [FileEventLogger][onWorkspaceWorkingTreeFileChange] /home/user/studio/~/.local/share/code-server/User/workspaceStorage/166a38c3/vscode.lock
2025-07-28 09:39:54.595 [debug] [FileEventLogger][onWorkspaceWorkingTreeFileChange] /home/user/studio/~/.local/share/code-server/User/workspaceStorage/166a38c3/vscode.lock
2025-07-28 09:39:55.594 [debug] [FileEventLogger][onWorkspaceWorkingTreeFileChange] /home/user/studio/~/.local/share/code-server/User/workspaceStorage/166a38c3/vscode.lock
2025-07-28 09:39:56.596 [debug] [FileEventLogger][onWorkspaceWorkingTreeFileChange] /home/user/studio/~/.local/share/code-server/User/workspaceStorage/166a38c3/vscode.lock
2025-07-28 09:39:57.596 [debug] [FileEventLogger][onWorkspaceWorkingTreeFileChange] /home/user/studio/~/.local/share/code-server/User/workspaceStorage/166a38c3/vscode.lock
2025-07-28 09:39:58.599 [debug] [FileEventLogger][onWorkspaceWorkingTreeFileChange] /home/user/studio/~/.local/share/code-server/User/workspaceStorage/166a38c3/vscode.lock
2025-07-28 09:39:59.600 [debug] [FileEventLogger][onWorkspaceWorkingTreeFileChange] /home/user/studio/~/.local/share/code-server/User/workspaceStorage/166a38c3/vscode.lock
2025-07-28 09:40:00.599 [debug] [FileEventLogger][onWorkspaceWorkingTreeFileChange] /home/user/studio/~/.local/share/code-server/User/workspaceStorage/166a38c3/vscode.lock
2025-07-28 09:40:01.603 [debug] [FileEventLogger][onWorkspaceWorkingTreeFileChange] /home/user/studio/~/.local/share/code-server/User/workspaceStorage/166a38c3/vscode.lock
2025-07-28 09:40:02.600 [debug] [FileEventLogger][onWorkspaceWorkingTreeFileChange] /home/user/studio/~/.local/share/code-server/User/workspaceStorage/166a38c3/vscode.lock
2025-07-28 09:40:03.600 [debug] [FileEventLogger][onWorkspaceWorkingTreeFileChange] /home/user/studio/~/.local/share/code-server/User/workspaceStorage/166a38c3/vscode.lock
2025-07-28 09:40:04.602 [debug] [FileEventLogger][onWorkspaceWorkingTreeFileChange] /home/user/studio/~/.local/share/code-server/User/workspaceStorage/166a38c3/vscode.lock
2025-07-28 09:40:05.602 [debug] [FileEventLogger][onWorkspaceWorkingTreeFileChange] /home/user/studio/~/.local/share/code-server/User/workspaceStorage/166a38c3/vscode.lock
2025-07-28 09:40:06.606 [debug] [FileEventLogger][onWorkspaceWorkingTreeFileChange] /home/user/studio/~/.local/share/code-server/User/workspaceStorage/166a38c3/vscode.lock
2025-07-28 09:40:07.603 [debug] [FileEventLogger][onWorkspaceWorkingTreeFileChange] /home/user/studio/~/.local/share/code-server/User/workspaceStorage/166a38c3/vscode.lock
2025-07-28 09:40:08.605 [debug] [FileEventLogger][onWorkspaceWorkingTreeFileChange] /home/user/studio/~/.local/share/code-server/User/workspaceStorage/166a38c3/vscode.lock
2025-07-28 09:40:09.603 [debug] [FileEventLogger][onWorkspaceWorkingTreeFileChange] /home/user/studio/~/.local/share/code-server/User/workspaceStorage/166a38c3/vscode.lock
2025-07-28 09:40:10.607 [debug] [FileEventLogger][onWorkspaceWorkingTreeFileChange] /home/user/studio/~/.local/share/code-server/User/workspaceStorage/166a38c3/vscode.lock
2025-07-28 09:40:11.605 [debug] [FileEventLogger][onWorkspaceWorkingTreeFileChange] /home/user/studio/~/.local/share/code-server/User/workspaceStorage/166a38c3/vscode.lock
2025-07-28 09:40:12.610 [debug] [FileEventLogger][onWorkspaceWorkingTreeFileChange] /home/user/studio/~/.local/share/code-server/User/workspaceStorage/166a38c3/vscode.lock
2025-07-28 09:40:13.607 [debug] [FileEventLogger][onWorkspaceWorkingTreeFileChange] /home/user/studio/~/.local/share/code-server/User/workspaceStorage/166a38c3/vscode.lock
2025-07-28 09:40:14.609 [debug] [FileEventLogger][onWorkspaceWorkingTreeFileChange] /home/user/studio/~/.local/share/code-server/User/workspaceStorage/166a38c3/vscode.lock
2025-07-28 09:40:15.608 [debug] [FileEventLogger][onWorkspaceWorkingTreeFileChange] /home/user/studio/~/.local/share/code-server/User/workspaceStorage/166a38c3/vscode.lock
2025-07-28 09:40:16.609 [debug] [FileEventLogger][onWorkspaceWorkingTreeFileChange] /home/user/studio/~/.local/share/code-server/User/workspaceStorage/166a38c3/vscode.lock
2025-07-28 09:40:17.611 [debug] [FileEventLogger][onWorkspaceWorkingTreeFileChange] /home/user/studio/~/.local/share/code-server/User/workspaceStorage/166a38c3/vscode.lock
2025-07-28 09:40:18.613 [debug] [FileEventLogger][onWorkspaceWorkingTreeFileChange] /home/user/studio/~/.local/share/code-server/User/workspaceStorage/166a38c3/vscode.lock
2025-07-28 09:40:19.625 [debug] [FileEventLogger][onWorkspaceWorkingTreeFileChange] /home/user/studio/~/.local/share/code-server/User/workspaceStorage/166a38c3/vscode.lock
2025-07-28 09:40:20.615 [debug] [FileEventLogger][onWorkspaceWorkingTreeFileChange] /home/user/studio/~/.local/share/code-server/User/workspaceStorage/166a38c3/vscode.lock
2025-07-28 09:40:21.614 [debug] [FileEventLogger][onWorkspaceWorkingTreeFileChange] /home/user/studio/~/.local/share/code-server/User/workspaceStorage/166a38c3/vscode.lock
2025-07-28 09:40:22.617 [debug] [FileEventLogger][onWorkspaceWorkingTreeFileChange] /home/user/studio/~/.local/share/code-server/User/workspaceStorage/166a38c3/vscode.lock
2025-07-28 09:40:23.624 [debug] [FileEventLogger][onWorkspaceWorkingTreeFileChange] /home/user/studio/~/.local/share/code-server/User/workspaceStorage/166a38c3/vscode.lock
2025-07-28 09:40:24.619 [debug] [FileEventLogger][onWorkspaceWorkingTreeFileChange] /home/user/studio/~/.local/share/code-server/User/workspaceStorage/166a38c3/vscode.lock
2025-07-28 09:40:25.618 [debug] [FileEventLogger][onWorkspaceWorkingTreeFileChange] /home/user/studio/~/.local/share/code-server/User/workspaceStorage/166a38c3/vscode.lock
2025-07-28 09:40:26.618 [debug] [FileEventLogger][onWorkspaceWorkingTreeFileChange] /home/user/studio/~/.local/share/code-server/User/workspaceStorage/166a38c3/vscode.lock
2025-07-28 09:40:27.619 [debug] [FileEventLogger][onWorkspaceWorkingTreeFileChange] /home/user/studio/~/.local/share/code-server/User/workspaceStorage/166a38c3/vscode.lock
2025-07-28 09:40:28.622 [debug] [FileEventLogger][onWorkspaceWorkingTreeFileChange] /home/user/studio/~/.local/share/code-server/User/workspaceStorage/166a38c3/vscode.lock
2025-07-28 09:40:29.624 [debug] [FileEventLogger][onWorkspaceWorkingTreeFileChange] /home/user/studio/~/.local/share/code-server/User/workspaceStorage/166a38c3/vscode.lock
2025-07-28 09:40:30.622 [debug] [FileEventLogger][onWorkspaceWorkingTreeFileChange] /home/user/studio/~/.local/share/code-server/User/workspaceStorage/166a38c3/vscode.lock
2025-07-28 09:40:31.626 [debug] [FileEventLogger][onWorkspaceWorkingTreeFileChange] /home/user/studio/~/.local/share/code-server/User/workspaceStorage/166a38c3/vscode.lock
2025-07-28 09:40:32.630 [debug] [FileEventLogger][onWorkspaceWorkingTreeFileChange] /home/user/studio/~/.local/share/code-server/User/workspaceStorage/166a38c3/vscode.lock
2025-07-28 09:40:33.626 [debug] [FileEventLogger][onWorkspaceWorkingTreeFileChange] /home/user/studio/~/.local/share/code-server/User/workspaceStorage/166a38c3/vscode.lock
2025-07-28 09:40:34.641 [debug] [FileEventLogger][onWorkspaceWorkingTreeFileChange] /home/user/studio/~/.local/share/code-server/User/workspaceStorage/166a38c3/vscode.lock
2025-07-28 09:40:35.630 [debug] [FileEventLogger][onWorkspaceWorkingTreeFileChange] /home/user/studio/~/.local/share/code-server/User/workspaceStorage/166a38c3/vscode.lock
2025-07-28 09:40:36.643 [debug] [FileEventLogger][onWorkspaceWorkingTreeFileChange] /home/user/studio/~/.local/share/code-server/User/workspaceStorage/166a38c3/vscode.lock
2025-07-28 09:40:37.631 [debug] [FileEventLogger][onWorkspaceWorkingTreeFileChange] /home/user/studio/~/.local/share/code-server/User/workspaceStorage/166a38c3/vscode.lock
2025-07-28 09:40:38.639 [debug] [FileEventLogger][onWorkspaceWorkingTreeFileChange] /home/user/studio/~/.local/share/code-server/User/workspaceStorage/166a38c3/vscode.lock
2025-07-28 09:40:39.634 [debug] [FileEventLogger][onWorkspaceWorkingTreeFileChange] /home/user/studio/~/.local/share/code-server/User/workspaceStorage/166a38c3/vscode.lock
2025-07-28 09:40:40.634 [debug] [FileEventLogger][onWorkspaceWorkingTreeFileChange] /home/user/studio/~/.local/share/code-server/User/workspaceStorage/166a38c3/vscode.lock
2025-07-28 09:40:41.637 [debug] [FileEventLogger][onWorkspaceWorkingTreeFileChange] /home/user/studio/~/.local/share/code-server/User/workspaceStorage/166a38c3/vscode.lock
2025-07-28 09:40:42.644 [debug] [FileEventLogger][onWorkspaceWorkingTreeFileChange] /home/user/studio/~/.local/share/code-server/User/workspaceStorage/166a38c3/vscode.lock
2025-07-28 09:40:43.638 [debug] [FileEventLogger][onWorkspaceWorkingTreeFileChange] /home/user/studio/~/.local/share/code-server/User/workspaceStorage/166a38c3/vscode.lock
2025-07-28 09:40:44.637 [debug] [FileEventLogger][onWorkspaceWorkingTreeFileChange] /home/user/studio/~/.local/share/code-server/User/workspaceStorage/166a38c3/vscode.lock
2025-07-28 09:40:45.638 [debug] [FileEventLogger][onWorkspaceWorkingTreeFileChange] /home/user/studio/~/.local/share/code-server/User/workspaceStorage/166a38c3/vscode.lock
2025-07-28 09:40:46.640 [debug] [FileEventLogger][onWorkspaceWorkingTreeFileChange] /home/user/studio/~/.local/share/code-server/User/workspaceStorage/166a38c3/vscode.lock
2025-07-28 09:40:47.640 [debug] [FileEventLogger][onWorkspaceWorkingTreeFileChange] /home/user/studio/~/.local/share/code-server/User/workspaceStorage/166a38c3/vscode.lock
2025-07-28 09:40:48.656 [debug] [FileEventLogger][onWorkspaceWorkingTreeFileChange] /home/user/studio/~/.local/share/code-server/User/workspaceStorage/166a38c3/vscode.lock
2025-07-28 09:40:49.647 [debug] [FileEventLogger][onWorkspaceWorkingTreeFileChange] /home/user/studio/~/.local/share/code-server/User/workspaceStorage/166a38c3/vscode.lock
2025-07-28 09:40:50.808 [debug] [FileEventLogger][onWorkspaceWorkingTreeFileChange] /home/user/studio/~/.local/share/code-server/User/workspaceStorage/166a38c3/vscode.lock
2025-07-28 09:40:51.693 [debug] [FileEventLogger][onWorkspaceWorkingTreeFileChange] /home/user/studio/~/.local/share/code-server/User/workspaceStorage/166a38c3/vscode.lock
2025-07-28 09:40:52.742 [debug] [FileEventLogger][onWorkspaceWorkingTreeFileChange] /home/user/studio/~/.local/share/code-server/User/workspaceStorage/166a38c3/vscode.lock
2025-07-28 09:40:53.701 [debug] [FileEventLogger][onWorkspaceWorkingTreeFileChange] /home/user/studio/~/.local/share/code-server/User/workspaceStorage/166a38c3/vscode.lock
2025-07-28 09:40:54.702 [debug] [FileEventLogger][onWorkspaceWorkingTreeFileChange] /home/user/studio/~/.local/share/code-server/User/workspaceStorage/166a38c3/vscode.lock
2025-07-28 09:40:55.646 [debug] [FileEventLogger][onWorkspaceWorkingTreeFileChange] /home/user/studio/~/.local/share/code-server/User/workspaceStorage/166a38c3/vscode.lock
2025-07-28 09:40:56.648 [debug] [FileEventLogger][onWorkspaceWorkingTreeFileChange] /home/user/studio/~/.local/share/code-server/User/workspaceStorage/166a38c3/vscode.lock
2025-07-28 09:40:57.651 [debug] [FileEventLogger][onWorkspaceWorkingTreeFileChange] /home/user/studio/~/.local/share/code-server/User/workspaceStorage/166a38c3/vscode.lock
2025-07-28 09:40:58.648 [debug] [FileEventLogger][onWorkspaceWorkingTreeFileChange] /home/user/studio/~/.local/share/code-server/User/workspaceStorage/166a38c3/vscode.lock
2025-07-28 09:40:59.650 [debug] [FileEventLogger][onWorkspaceWorkingTreeFileChange] /home/user/studio/~/.local/share/code-server/User/workspaceStorage/166a38c3/vscode.lock
2025-07-28 09:41:00.654 [debug] [FileEventLogger][onWorkspaceWorkingTreeFileChange] /home/user/studio/~/.local/share/code-server/User/workspaceStorage/166a38c3/vscode.lock
2025-07-28 09:41:01.651 [debug] [FileEventLogger][onWorkspaceWorkingTreeFileChange] /home/user/studio/~/.local/share/code-server/User/workspaceStorage/166a38c3/vscode.lock
2025-07-28 09:41:02.652 [debug] [FileEventLogger][onWorkspaceWorkingTreeFileChange] /home/user/studio/~/.local/share/code-server/User/workspaceStorage/166a38c3/vscode.lock
2025-07-28 09:41:03.653 [debug] [FileEventLogger][onWorkspaceWorkingTreeFileChange] /home/user/studio/~/.local/share/code-server/User/workspaceStorage/166a38c3/vscode.lock
2025-07-28 09:41:04.655 [debug] [FileEventLogger][onWorkspaceWorkingTreeFileChange] /home/user/studio/~/.local/share/code-server/User/workspaceStorage/166a38c3/vscode.lock
2025-07-28 09:41:05.654 [debug] [FileEventLogger][onWorkspaceWorkingTreeFileChange] /home/user/studio/~/.local/share/code-server/User/workspaceStorage/166a38c3/vscode.lock
2025-07-28 09:41:06.655 [debug] [FileEventLogger][onWorkspaceWorkingTreeFileChange] /home/user/studio/~/.local/share/code-server/User/workspaceStorage/166a38c3/vscode.lock
2025-07-28 09:41:07.661 [debug] [FileEventLogger][onWorkspaceWorkingTreeFileChange] /home/user/studio/~/.local/share/code-server/User/workspaceStorage/166a38c3/vscode.lock
2025-07-28 09:41:08.668 [debug] [FileEventLogger][onWorkspaceWorkingTreeFileChange] /home/user/studio/~/.local/share/code-server/User/workspaceStorage/166a38c3/vscode.lock
2025-07-28 09:41:09.662 [debug] [FileEventLogger][onWorkspaceWorkingTreeFileChange] /home/user/studio/~/.local/share/code-server/User/workspaceStorage/166a38c3/vscode.lock
2025-07-28 09:41:10.666 [debug] [FileEventLogger][onWorkspaceWorkingTreeFileChange] /home/user/studio/~/.local/share/code-server/User/workspaceStorage/166a38c3/vscode.lock
2025-07-28 09:41:11.664 [debug] [FileEventLogger][onWorkspaceWorkingTreeFileChange] /home/user/studio/~/.local/share/code-server/User/workspaceStorage/166a38c3/vscode.lock
2025-07-28 09:41:12.665 [debug] [FileEventLogger][onWorkspaceWorkingTreeFileChange] /home/user/studio/~/.local/share/code-server/User/workspaceStorage/166a38c3/vscode.lock
2025-07-28 09:41:13.669 [debug] [FileEventLogger][onWorkspaceWorkingTreeFileChange] /home/user/studio/~/.local/share/code-server/User/workspaceStorage/166a38c3/vscode.lock
2025-07-28 09:41:14.667 [debug] [FileEventLogger][onWorkspaceWorkingTreeFileChange] /home/user/studio/~/.local/share/code-server/User/workspaceStorage/166a38c3/vscode.lock
2025-07-28 09:41:15.669 [debug] [FileEventLogger][onWorkspaceWorkingTreeFileChange] /home/user/studio/~/.local/share/code-server/User/workspaceStorage/166a38c3/vscode.lock
2025-07-28 09:41:16.674 [debug] [FileEventLogger][onWorkspaceWorkingTreeFileChange] /home/user/studio/~/.local/share/code-server/User/workspaceStorage/166a38c3/vscode.lock
2025-07-28 09:41:17.670 [debug] [FileEventLogger][onWorkspaceWorkingTreeFileChange] /home/user/studio/~/.local/share/code-server/User/workspaceStorage/166a38c3/vscode.lock
2025-07-28 09:41:18.672 [debug] [FileEventLogger][onWorkspaceWorkingTreeFileChange] /home/user/studio/~/.local/share/code-server/User/workspaceStorage/166a38c3/vscode.lock
2025-07-28 09:41:19.672 [debug] [FileEventLogger][onWorkspaceWorkingTreeFileChange] /home/user/studio/~/.local/share/code-server/User/workspaceStorage/166a38c3/vscode.lock
2025-07-28 09:41:20.675 [debug] [FileEventLogger][onWorkspaceWorkingTreeFileChange] /home/user/studio/~/.local/share/code-server/User/workspaceStorage/166a38c3/vscode.lock
2025-07-28 09:41:21.674 [debug] [FileEventLogger][onWorkspaceWorkingTreeFileChange] /home/user/studio/~/.local/share/code-server/User/workspaceStorage/166a38c3/vscode.lock
2025-07-28 09:41:22.677 [debug] [FileEventLogger][onWorkspaceWorkingTreeFileChange] /home/user/studio/~/.local/share/code-server/User/workspaceStorage/166a38c3/vscode.lock
2025-07-28 09:41:23.679 [debug] [FileEventLogger][onWorkspaceWorkingTreeFileChange] /home/user/studio/~/.local/share/code-server/User/workspaceStorage/166a38c3/vscode.lock
2025-07-28 09:41:24.678 [debug] [FileEventLogger][onWorkspaceWorkingTreeFileChange] /home/user/studio/~/.local/share/code-server/User/workspaceStorage/166a38c3/vscode.lock
2025-07-28 09:41:25.680 [debug] [FileEventLogger][onWorkspaceWorkingTreeFileChange] /home/user/studio/~/.local/share/code-server/User/workspaceStorage/166a38c3/vscode.lock
2025-07-28 09:41:26.679 [debug] [FileEventLogger][onWorkspaceWorkingTreeFileChange] /home/user/studio/~/.local/share/code-server/User/workspaceStorage/166a38c3/vscode.lock
2025-07-28 09:41:27.687 [debug] [FileEventLogger][onWorkspaceWorkingTreeFileChange] /home/user/studio/~/.local/share/code-server/User/workspaceStorage/166a38c3/vscode.lock
2025-07-28 09:41:28.682 [debug] [FileEventLogger][onWorkspaceWorkingTreeFileChange] /home/user/studio/~/.local/share/code-server/User/workspaceStorage/166a38c3/vscode.lock
2025-07-28 09:41:29.683 [debug] [FileEventLogger][onWorkspaceWorkingTreeFileChange] /home/user/studio/~/.local/share/code-server/User/workspaceStorage/166a38c3/vscode.lock
2025-07-28 09:41:30.686 [debug] [FileEventLogger][onWorkspaceWorkingTreeFileChange] /home/user/studio/~/.local/share/code-server/User/workspaceStorage/166a38c3/vscode.lock
2025-07-28 09:41:31.685 [debug] [FileEventLogger][onWorkspaceWorkingTreeFileChange] /home/user/studio/~/.local/share/code-server/User/workspaceStorage/166a38c3/vscode.lock
2025-07-28 09:41:32.688 [debug] [FileEventLogger][onWorkspaceWorkingTreeFileChange] /home/user/studio/~/.local/share/code-server/User/workspaceStorage/166a38c3/vscode.lock
2025-07-28 09:41:33.688 [debug] [FileEventLogger][onWorkspaceWorkingTreeFileChange] /home/user/studio/~/.local/share/code-server/User/workspaceStorage/166a38c3/vscode.lock
2025-07-28 09:41:34.692 [debug] [FileEventLogger][onWorkspaceWorkingTreeFileChange] /home/user/studio/~/.local/share/code-server/User/workspaceStorage/166a38c3/vscode.lock
2025-07-28 09:41:35.688 [debug] [FileEventLogger][onWorkspaceWorkingTreeFileChange] /home/user/studio/~/.local/share/code-server/User/workspaceStorage/166a38c3/vscode.lock
2025-07-28 09:41:36.687 [debug] [FileEventLogger][onWorkspaceWorkingTreeFileChange] /home/user/studio/~/.local/share/code-server/User/workspaceStorage/166a38c3/vscode.lock
2025-07-28 09:41:37.692 [debug] [FileEventLogger][onWorkspaceWorkingTreeFileChange] /home/user/studio/~/.local/share/code-server/User/workspaceStorage/166a38c3/vscode.lock
2025-07-28 09:41:38.689 [debug] [FileEventLogger][onWorkspaceWorkingTreeFileChange] /home/user/studio/~/.local/share/code-server/User/workspaceStorage/166a38c3/vscode.lock
2025-07-28 09:41:39.689 [debug] [FileEventLogger][onWorkspaceWorkingTreeFileChange] /home/user/studio/~/.local/share/code-server/User/workspaceStorage/166a38c3/vscode.lock
2025-07-28 09:41:40.689 [debug] [FileEventLogger][onWorkspaceWorkingTreeFileChange] /home/user/studio/~/.local/share/code-server/User/workspaceStorage/166a38c3/vscode.lock
2025-07-28 09:41:41.696 [debug] [FileEventLogger][onWorkspaceWorkingTreeFileChange] /home/user/studio/~/.local/share/code-server/User/workspaceStorage/166a38c3/vscode.lock
2025-07-28 09:41:42.695 [debug] [FileEventLogger][onWorkspaceWorkingTreeFileChange] /home/user/studio/~/.local/share/code-server/User/workspaceStorage/166a38c3/vscode.lock
2025-07-28 09:41:43.696 [debug] [FileEventLogger][onWorkspaceWorkingTreeFileChange] /home/user/studio/~/.local/share/code-server/User/workspaceStorage/166a38c3/vscode.lock
2025-07-28 09:41:44.696 [debug] [FileEventLogger][onWorkspaceWorkingTreeFileChange] /home/user/studio/~/.local/share/code-server/User/workspaceStorage/166a38c3/vscode.lock
2025-07-28 09:41:45.698 [debug] [FileEventLogger][onWorkspaceWorkingTreeFileChange] /home/user/studio/~/.local/share/code-server/User/workspaceStorage/166a38c3/vscode.lock
2025-07-28 09:41:46.700 [debug] [FileEventLogger][onWorkspaceWorkingTreeFileChange] /home/user/studio/~/.local/share/code-server/User/workspaceStorage/166a38c3/vscode.lock
2025-07-28 09:41:47.701 [debug] [FileEventLogger][onWorkspaceWorkingTreeFileChange] /home/user/studio/~/.local/share/code-server/User/workspaceStorage/166a38c3/vscode.lock
2025-07-28 09:41:48.704 [debug] [FileEventLogger][onWorkspaceWorkingTreeFileChange] /home/user/studio/~/.local/share/code-server/User/workspaceStorage/166a38c3/vscode.lock
2025-07-28 09:41:49.701 [debug] [FileEventLogger][onWorkspaceWorkingTreeFileChange] /home/user/studio/~/.local/share/code-server/User/workspaceStorage/166a38c3/vscode.lock
2025-07-28 09:41:50.704 [debug] [FileEventLogger][onWorkspaceWorkingTreeFileChange] /home/user/studio/~/.local/share/code-server/User/workspaceStorage/166a38c3/vscode.lock
2025-07-28 09:41:51.706 [debug] [FileEventLogger][onWorkspaceWorkingTreeFileChange] /home/user/studio/~/.local/share/code-server/User/workspaceStorage/166a38c3/vscode.lock
2025-07-28 09:41:52.710 [debug] [FileEventLogger][onWorkspaceWorkingTreeFileChange] /home/user/studio/~/.local/share/code-server/User/workspaceStorage/166a38c3/vscode.lock
2025-07-28 09:41:53.706 [debug] [FileEventLogger][onWorkspaceWorkingTreeFileChange] /home/user/studio/~/.local/share/code-server/User/workspaceStorage/166a38c3/vscode.lock
2025-07-28 09:41:54.706 [debug] [FileEventLogger][onWorkspaceWorkingTreeFileChange] /home/user/studio/~/.local/share/code-server/User/workspaceStorage/166a38c3/vscode.lock
2025-07-28 09:41:55.706 [debug] [FileEventLogger][onWorkspaceWorkingTreeFileChange] /home/user/studio/~/.local/share/code-server/User/workspaceStorage/166a38c3/vscode.lock
2025-07-28 09:41:56.710 [debug] [FileEventLogger][onWorkspaceWorkingTreeFileChange] /home/user/studio/~/.local/share/code-server/User/workspaceStorage/166a38c3/vscode.lock
2025-07-28 09:41:57.711 [debug] [FileEventLogger][onWorkspaceWorkingTreeFileChange] /home/user/studio/~/.local/share/code-server/User/workspaceStorage/166a38c3/vscode.lock
2025-07-28 09:41:58.711 [debug] [FileEventLogger][onWorkspaceWorkingTreeFileChange] /home/user/studio/~/.local/share/code-server/User/workspaceStorage/166a38c3/vscode.lock
2025-07-28 09:41:59.712 [debug] [FileEventLogger][onWorkspaceWorkingTreeFileChange] /home/user/studio/~/.local/share/code-server/User/workspaceStorage/166a38c3/vscode.lock
2025-07-28 09:42:00.712 [debug] [FileEventLogger][onWorkspaceWorkingTreeFileChange] /home/user/studio/~/.local/share/code-server/User/workspaceStorage/166a38c3/vscode.lock
2025-07-28 09:42:01.713 [debug] [FileEventLogger][onWorkspaceWorkingTreeFileChange] /home/user/studio/~/.local/share/code-server/User/workspaceStorage/166a38c3/vscode.lock
2025-07-28 09:42:02.711 [debug] [FileEventLogger][onWorkspaceWorkingTreeFileChange] /home/user/studio/~/.local/share/code-server/User/workspaceStorage/166a38c3/vscode.lock
2025-07-28 09:42:03.712 [debug] [FileEventLogger][onWorkspaceWorkingTreeFileChange] /home/user/studio/~/.local/share/code-server/User/workspaceStorage/166a38c3/vscode.lock
2025-07-28 09:42:04.712 [debug] [FileEventLogger][onWorkspaceWorkingTreeFileChange] /home/user/studio/~/.local/share/code-server/User/workspaceStorage/166a38c3/vscode.lock
2025-07-28 09:42:05.714 [debug] [FileEventLogger][onWorkspaceWorkingTreeFileChange] /home/user/studio/~/.local/share/code-server/User/workspaceStorage/166a38c3/vscode.lock
2025-07-28 09:42:06.711 [debug] [FileEventLogger][onWorkspaceWorkingTreeFileChange] /home/user/studio/~/.local/share/code-server/User/workspaceStorage/166a38c3/vscode.lock
2025-07-28 09:42:07.713 [debug] [FileEventLogger][onWorkspaceWorkingTreeFileChange] /home/user/studio/~/.local/share/code-server/User/workspaceStorage/166a38c3/vscode.lock
2025-07-28 09:42:08.713 [debug] [FileEventLogger][onWorkspaceWorkingTreeFileChange] /home/user/studio/~/.local/share/code-server/User/workspaceStorage/166a38c3/vscode.lock
2025-07-28 09:42:09.712 [debug] [FileEventLogger][onWorkspaceWorkingTreeFileChange] /home/user/studio/~/.local/share/code-server/User/workspaceStorage/166a38c3/vscode.lock
2025-07-28 09:42:10.710 [debug] [FileEventLogger][onWorkspaceWorkingTreeFileChange] /home/user/studio/~/.local/share/code-server/User/workspaceStorage/166a38c3/vscode.lock
2025-07-28 09:42:11.712 [debug] [FileEventLogger][onWorkspaceWorkingTreeFileChange] /home/user/studio/~/.local/share/code-server/User/workspaceStorage/166a38c3/vscode.lock
2025-07-28 09:42:12.713 [debug] [FileEventLogger][onWorkspaceWorkingTreeFileChange] /home/user/studio/~/.local/share/code-server/User/workspaceStorage/166a38c3/vscode.lock
2025-07-28 09:42:13.720 [debug] [FileEventLogger][onWorkspaceWorkingTreeFileChange] /home/user/studio/~/.local/share/code-server/User/workspaceStorage/166a38c3/vscode.lock
2025-07-28 09:42:14.712 [debug] [FileEventLogger][onWorkspaceWorkingTreeFileChange] /home/user/studio/~/.local/share/code-server/User/workspaceStorage/166a38c3/vscode.lock
2025-07-28 09:42:15.713 [debug] [FileEventLogger][onWorkspaceWorkingTreeFileChange] /home/user/studio/~/.local/share/code-server/User/workspaceStorage/166a38c3/vscode.lock
2025-07-28 09:42:16.715 [debug] [FileEventLogger][onWorkspaceWorkingTreeFileChange] /home/user/studio/~/.local/share/code-server/User/workspaceStorage/166a38c3/vscode.lock
2025-07-28 09:42:17.717 [debug] [FileEventLogger][onWorkspaceWorkingTreeFileChange] /home/user/studio/~/.local/share/code-server/User/workspaceStorage/166a38c3/vscode.lock
2025-07-28 09:42:18.720 [debug] [FileEventLogger][onWorkspaceWorkingTreeFileChange] /home/user/studio/~/.local/share/code-server/User/workspaceStorage/166a38c3/vscode.lock
2025-07-28 09:42:19.720 [debug] [FileEventLogger][onWorkspaceWorkingTreeFileChange] /home/user/studio/~/.local/share/code-server/User/workspaceStorage/166a38c3/vscode.lock
2025-07-28 09:42:20.722 [debug] [FileEventLogger][onWorkspaceWorkingTreeFileChange] /home/user/studio/~/.local/share/code-server/User/workspaceStorage/166a38c3/vscode.lock
2025-07-28 09:42:21.720 [debug] [FileEventLogger][onWorkspaceWorkingTreeFileChange] /home/user/studio/~/.local/share/code-server/User/workspaceStorage/166a38c3/vscode.lock
2025-07-28 09:42:22.727 [debug] [FileEventLogger][onWorkspaceWorkingTreeFileChange] /home/user/studio/~/.local/share/code-server/User/workspaceStorage/166a38c3/vscode.lock
2025-07-28 09:42:23.724 [debug] [FileEventLogger][onWorkspaceWorkingTreeFileChange] /home/user/studio/~/.local/share/code-server/User/workspaceStorage/166a38c3/vscode.lock
2025-07-28 09:42:24.729 [debug] [FileEventLogger][onWorkspaceWorkingTreeFileChange] /home/user/studio/~/.local/share/code-server/User/workspaceStorage/166a38c3/vscode.lock
2025-07-28 09:42:25.725 [debug] [FileEventLogger][onWorkspaceWorkingTreeFileChange] /home/user/studio/~/.local/share/code-server/User/workspaceStorage/166a38c3/vscode.lock
2025-07-28 09:42:26.726 [debug] [FileEventLogger][onWorkspaceWorkingTreeFileChange] /home/user/studio/~/.local/share/code-server/User/workspaceStorage/166a38c3/vscode.lock
2025-07-28 09:42:27.728 [debug] [FileEventLogger][onWorkspaceWorkingTreeFileChange] /home/user/studio/~/.local/share/code-server/User/workspaceStorage/166a38c3/vscode.lock
2025-07-28 09:42:28.730 [debug] [FileEventLogger][onWorkspaceWorkingTreeFileChange] /home/user/studio/~/.local/share/code-server/User/workspaceStorage/166a38c3/vscode.lock
2025-07-28 09:42:29.730 [debug] [FileEventLogger][onWorkspaceWorkingTreeFileChange] /home/user/studio/~/.local/share/code-server/User/workspaceStorage/166a38c3/vscode.lock
2025-07-28 09:42:30.730 [debug] [FileEventLogger][onWorkspaceWorkingTreeFileChange] /home/user/studio/~/.local/share/code-server/User/workspaceStorage/166a38c3/vscode.lock
2025-07-28 09:42:31.731 [debug] [FileEventLogger][onWorkspaceWorkingTreeFileChange] /home/user/studio/~/.local/share/code-server/User/workspaceStorage/166a38c3/vscode.lock
2025-07-28 09:42:32.732 [debug] [FileEventLogger][onWorkspaceWorkingTreeFileChange] /home/user/studio/~/.local/share/code-server/User/workspaceStorage/166a38c3/vscode.lock
2025-07-28 09:42:33.732 [debug] [FileEventLogger][onWorkspaceWorkingTreeFileChange] /home/user/studio/~/.local/share/code-server/User/workspaceStorage/166a38c3/vscode.lock
2025-07-28 09:42:34.732 [debug] [FileEventLogger][onWorkspaceWorkingTreeFileChange] /home/user/studio/~/.local/share/code-server/User/workspaceStorage/166a38c3/vscode.lock
2025-07-28 09:42:35.731 [debug] [FileEventLogger][onWorkspaceWorkingTreeFileChange] /home/user/studio/~/.local/share/code-server/User/workspaceStorage/166a38c3/vscode.lock
2025-07-28 09:42:36.752 [debug] [FileEventLogger][onWorkspaceWorkingTreeFileChange] /home/user/studio/~/.local/share/code-server/User/workspaceStorage/166a38c3/vscode.lock
2025-07-28 09:42:37.735 [debug] [FileEventLogger][onWorkspaceWorkingTreeFileChange] /home/user/studio/~/.local/share/code-server/User/workspaceStorage/166a38c3/vscode.lock
2025-07-28 09:42:38.743 [debug] [FileEventLogger][onWorkspaceWorkingTreeFileChange] /home/user/studio/~/.local/share/code-server/User/workspaceStorage/166a38c3/vscode.lock
2025-07-28 09:42:39.736 [debug] [FileEventLogger][onWorkspaceWorkingTreeFileChange] /home/user/studio/~/.local/share/code-server/User/workspaceStorage/166a38c3/vscode.lock
2025-07-28 09:42:40.744 [debug] [FileEventLogger][onWorkspaceWorkingTreeFileChange] /home/user/studio/~/.local/share/code-server/User/workspaceStorage/166a38c3/vscode.lock
2025-07-28 09:42:41.738 [debug] [FileEventLogger][onWorkspaceWorkingTreeFileChange] /home/user/studio/~/.local/share/code-server/User/workspaceStorage/166a38c3/vscode.lock
2025-07-28 09:42:42.739 [debug] [FileEventLogger][onWorkspaceWorkingTreeFileChange] /home/user/studio/~/.local/share/code-server/User/workspaceStorage/166a38c3/vscode.lock
2025-07-28 09:42:43.739 [debug] [FileEventLogger][onWorkspaceWorkingTreeFileChange] /home/user/studio/~/.local/share/code-server/User/workspaceStorage/166a38c3/vscode.lock
2025-07-28 09:42:44.738 [debug] [FileEventLogger][onWorkspaceWorkingTreeFileChange] /home/user/studio/~/.local/share/code-server/User/workspaceStorage/166a38c3/vscode.lock
2025-07-28 09:42:45.738 [debug] [FileEventLogger][onWorkspaceWorkingTreeFileChange] /home/user/studio/~/.local/share/code-server/User/workspaceStorage/166a38c3/vscode.lock
2025-07-28 09:42:46.742 [debug] [FileEventLogger][onWorkspaceWorkingTreeFileChange] /home/user/studio/~/.local/share/code-server/User/workspaceStorage/166a38c3/vscode.lock
2025-07-28 09:42:47.741 [debug] [FileEventLogger][onWorkspaceWorkingTreeFileChange] /home/user/studio/~/.local/share/code-server/User/workspaceStorage/166a38c3/vscode.lock
2025-07-28 09:42:48.741 [debug] [FileEventLogger][onWorkspaceWorkingTreeFileChange] /home/user/studio/~/.local/share/code-server/User/workspaceStorage/166a38c3/vscode.lock
2025-07-28 09:42:49.744 [debug] [FileEventLogger][onWorkspaceWorkingTreeFileChange] /home/user/studio/~/.local/share/code-server/User/workspaceStorage/166a38c3/vscode.lock
2025-07-28 09:42:50.742 [debug] [FileEventLogger][onWorkspaceWorkingTreeFileChange] /home/user/studio/~/.local/share/code-server/User/workspaceStorage/166a38c3/vscode.lock
2025-07-28 09:42:51.744 [debug] [FileEventLogger][onWorkspaceWorkingTreeFileChange] /home/user/studio/~/.local/share/code-server/User/workspaceStorage/166a38c3/vscode.lock
2025-07-28 09:42:52.745 [debug] [FileEventLogger][onWorkspaceWorkingTreeFileChange] /home/user/studio/~/.local/share/code-server/User/workspaceStorage/166a38c3/vscode.lock
2025-07-28 09:42:53.746 [debug] [FileEventLogger][onWorkspaceWorkingTreeFileChange] /home/user/studio/~/.local/share/code-server/User/workspaceStorage/166a38c3/vscode.lock
2025-07-28 09:42:54.747 [debug] [FileEventLogger][onWorkspaceWorkingTreeFileChange] /home/user/studio/~/.local/share/code-server/User/workspaceStorage/166a38c3/vscode.lock
2025-07-28 09:42:55.750 [debug] [FileEventLogger][onWorkspaceWorkingTreeFileChange] /home/user/studio/~/.local/share/code-server/User/workspaceStorage/166a38c3/vscode.lock
2025-07-28 09:42:56.750 [debug] [FileEventLogger][onWorkspaceWorkingTreeFileChange] /home/user/studio/~/.local/share/code-server/User/workspaceStorage/166a38c3/vscode.lock
2025-07-28 09:42:57.752 [debug] [FileEventLogger][onWorkspaceWorkingTreeFileChange] /home/user/studio/~/.local/share/code-server/User/workspaceStorage/166a38c3/vscode.lock
2025-07-28 09:42:58.751 [debug] [FileEventLogger][onWorkspaceWorkingTreeFileChange] /home/user/studio/~/.local/share/code-server/User/workspaceStorage/166a38c3/vscode.lock
2025-07-28 09:42:59.751 [debug] [FileEventLogger][onWorkspaceWorkingTreeFileChange] /home/user/studio/~/.local/share/code-server/User/workspaceStorage/166a38c3/vscode.lock
2025-07-28 09:43:00.754 [debug] [FileEventLogger][onWorkspaceWorkingTreeFileChange] /home/user/studio/~/.local/share/code-server/User/workspaceStorage/166a38c3/vscode.lock
2025-07-28 09:43:01.755 [debug] [FileEventLogger][onWorkspaceWorkingTreeFileChange] /home/user/studio/~/.local/share/code-server/User/workspaceStorage/166a38c3/vscode.lock
2025-07-28 09:43:02.756 [debug] [FileEventLogger][onWorkspaceWorkingTreeFileChange] /home/user/studio/~/.local/share/code-server/User/workspaceStorage/166a38c3/vscode.lock
2025-07-28 09:43:03.760 [debug] [FileEventLogger][onWorkspaceWorkingTreeFileChange] /home/user/studio/~/.local/share/code-server/User/workspaceStorage/166a38c3/vscode.lock
2025-07-28 09:43:04.758 [debug] [FileEventLogger][onWorkspaceWorkingTreeFileChange] /home/user/studio/~/.local/share/code-server/User/workspaceStorage/166a38c3/vscode.lock
2025-07-28 09:43:05.757 [debug] [FileEventLogger][onWorkspaceWorkingTreeFileChange] /home/user/studio/~/.local/share/code-server/User/workspaceStorage/166a38c3/vscode.lock
2025-07-28 09:43:06.760 [debug] [FileEventLogger][onWorkspaceWorkingTreeFileChange] /home/user/studio/~/.local/share/code-server/User/workspaceStorage/166a38c3/vscode.lock
2025-07-28 09:43:07.761 [debug] [FileEventLogger][onWorkspaceWorkingTreeFileChange] /home/user/studio/~/.local/share/code-server/User/workspaceStorage/166a38c3/vscode.lock
2025-07-28 09:43:08.761 [debug] [FileEventLogger][onWorkspaceWorkingTreeFileChange] /home/user/studio/~/.local/share/code-server/User/workspaceStorage/166a38c3/vscode.lock
2025-07-28 09:43:09.761 [debug] [FileEventLogger][onWorkspaceWorkingTreeFileChange] /home/user/studio/~/.local/share/code-server/User/workspaceStorage/166a38c3/vscode.lock
2025-07-28 09:43:10.764 [debug] [FileEventLogger][onWorkspaceWorkingTreeFileChange] /home/user/studio/~/.local/share/code-server/User/workspaceStorage/166a38c3/vscode.lock
2025-07-28 09:43:11.764 [debug] [FileEventLogger][onWorkspaceWorkingTreeFileChange] /home/user/studio/~/.local/share/code-server/User/workspaceStorage/166a38c3/vscode.lock
2025-07-28 09:43:12.854 [debug] [FileEventLogger][onWorkspaceWorkingTreeFileChange] /home/user/studio/~/.local/share/code-server/User/workspaceStorage/166a38c3/vscode.lock
2025-07-28 09:43:13.816 [debug] [FileEventLogger][onWorkspaceWorkingTreeFileChange] /home/user/studio/~/.local/share/code-server/User/workspaceStorage/166a38c3/vscode.lock
2025-07-28 09:43:14.848 [debug] [FileEventLogger][onWorkspaceWorkingTreeFileChange] /home/user/studio/~/.local/share/code-server/User/workspaceStorage/166a38c3/vscode.lock
2025-07-28 09:43:15.763 [debug] [FileEventLogger][onWorkspaceWorkingTreeFileChange] /home/user/studio/~/.local/share/code-server/User/workspaceStorage/166a38c3/vscode.lock
2025-07-28 09:43:16.765 [debug] [FileEventLogger][onWorkspaceWorkingTreeFileChange] /home/user/studio/~/.local/share/code-server/User/workspaceStorage/166a38c3/vscode.lock
2025-07-28 09:43:17.768 [debug] [FileEventLogger][onWorkspaceWorkingTreeFileChange] /home/user/studio/~/.local/share/code-server/User/workspaceStorage/166a38c3/vscode.lock
2025-07-28 09:43:18.767 [debug] [FileEventLogger][onWorkspaceWorkingTreeFileChange] /home/user/studio/~/.local/share/code-server/User/workspaceStorage/166a38c3/vscode.lock
2025-07-28 09:43:19.769 [debug] [FileEventLogger][onWorkspaceWorkingTreeFileChange] /home/user/studio/~/.local/share/code-server/User/workspaceStorage/166a38c3/vscode.lock
2025-07-28 09:43:20.769 [debug] [FileEventLogger][onWorkspaceWorkingTreeFileChange] /home/user/studio/~/.local/share/code-server/User/workspaceStorage/166a38c3/vscode.lock
2025-07-28 09:43:21.775 [debug] [FileEventLogger][onWorkspaceWorkingTreeFileChange] /home/user/studio/~/.local/share/code-server/User/workspaceStorage/166a38c3/vscode.lock
2025-07-28 09:43:22.770 [debug] [FileEventLogger][onWorkspaceWorkingTreeFileChange] /home/user/studio/~/.local/share/code-server/User/workspaceStorage/166a38c3/vscode.lock
2025-07-28 09:43:23.773 [debug] [FileEventLogger][onWorkspaceWorkingTreeFileChange] /home/user/studio/~/.local/share/code-server/User/workspaceStorage/166a38c3/vscode.lock
2025-07-28 09:43:24.777 [debug] [FileEventLogger][onWorkspaceWorkingTreeFileChange] /home/user/studio/~/.local/share/code-server/User/workspaceStorage/166a38c3/vscode.lock
2025-07-28 09:43:25.774 [debug] [FileEventLogger][onWorkspaceWorkingTreeFileChange] /home/user/studio/~/.local/share/code-server/User/workspaceStorage/166a38c3/vscode.lock
2025-07-28 09:43:26.775 [debug] [FileEventLogger][onWorkspaceWorkingTreeFileChange] /home/user/studio/~/.local/share/code-server/User/workspaceStorage/166a38c3/vscode.lock
2025-07-28 09:43:27.778 [debug] [FileEventLogger][onWorkspaceWorkingTreeFileChange] /home/user/studio/~/.local/share/code-server/User/workspaceStorage/166a38c3/vscode.lock
2025-07-28 09:43:28.777 [debug] [FileEventLogger][onWorkspaceWorkingTreeFileChange] /home/user/studio/~/.local/share/code-server/User/workspaceStorage/166a38c3/vscode.lock
2025-07-28 09:43:29.778 [debug] [FileEventLogger][onWorkspaceWorkingTreeFileChange] /home/user/studio/~/.local/share/code-server/User/workspaceStorage/166a38c3/vscode.lock
2025-07-28 09:43:30.780 [debug] [FileEventLogger][onWorkspaceWorkingTreeFileChange] /home/user/studio/~/.local/share/code-server/User/workspaceStorage/166a38c3/vscode.lock
2025-07-28 09:43:31.781 [debug] [FileEventLogger][onWorkspaceWorkingTreeFileChange] /home/user/studio/~/.local/share/code-server/User/workspaceStorage/166a38c3/vscode.lock
2025-07-28 09:43:32.784 [debug] [FileEventLogger][onWorkspaceWorkingTreeFileChange] /home/user/studio/~/.local/share/code-server/User/workspaceStorage/166a38c3/vscode.lock
2025-07-28 09:43:33.781 [debug] [FileEventLogger][onWorkspaceWorkingTreeFileChange] /home/user/studio/~/.local/share/code-server/User/workspaceStorage/166a38c3/vscode.lock
2025-07-28 09:43:34.785 [debug] [FileEventLogger][onWorkspaceWorkingTreeFileChange] /home/user/studio/~/.local/share/code-server/User/workspaceStorage/166a38c3/vscode.lock
2025-07-28 09:43:35.787 [debug] [FileEventLogger][onWorkspaceWorkingTreeFileChange] /home/user/studio/~/.local/share/code-server/User/workspaceStorage/166a38c3/vscode.lock
2025-07-28 09:43:36.792 [debug] [FileEventLogger][onWorkspaceWorkingTreeFileChange] /home/user/studio/~/.local/share/code-server/User/workspaceStorage/166a38c3/vscode.lock
2025-07-28 09:43:37.788 [debug] [FileEventLogger][onWorkspaceWorkingTreeFileChange] /home/user/studio/~/.local/share/code-server/User/workspaceStorage/166a38c3/vscode.lock
2025-07-28 09:43:38.791 [debug] [FileEventLogger][onWorkspaceWorkingTreeFileChange] /home/user/studio/~/.local/share/code-server/User/workspaceStorage/166a38c3/vscode.lock
2025-07-28 09:43:39.789 [debug] [FileEventLogger][onWorkspaceWorkingTreeFileChange] /home/user/studio/~/.local/share/code-server/User/workspaceStorage/166a38c3/vscode.lock
2025-07-28 09:43:40.790 [debug] [FileEventLogger][onWorkspaceWorkingTreeFileChange] /home/user/studio/~/.local/share/code-server/User/workspaceStorage/166a38c3/vscode.lock
2025-07-28 09:43:41.789 [debug] [FileEventLogger][onWorkspaceWorkingTreeFileChange] /home/user/studio/~/.local/share/code-server/User/workspaceStorage/166a38c3/vscode.lock
2025-07-28 09:43:42.790 [debug] [FileEventLogger][onWorkspaceWorkingTreeFileChange] /home/user/studio/~/.local/share/code-server/User/workspaceStorage/166a38c3/vscode.lock
2025-07-28 09:43:43.791 [debug] [FileEventLogger][onWorkspaceWorkingTreeFileChange] /home/user/studio/~/.local/share/code-server/User/workspaceStorage/166a38c3/vscode.lock
2025-07-28 09:43:44.791 [debug] [FileEventLogger][onWorkspaceWorkingTreeFileChange] /home/user/studio/~/.local/share/code-server/User/workspaceStorage/166a38c3/vscode.lock
2025-07-28 09:43:45.790 [debug] [FileEventLogger][onWorkspaceWorkingTreeFileChange] /home/user/studio/~/.local/share/code-server/User/workspaceStorage/166a38c3/vscode.lock
2025-07-28 09:43:46.792 [debug] [FileEventLogger][onWorkspaceWorkingTreeFileChange] /home/user/studio/~/.local/share/code-server/User/workspaceStorage/166a38c3/vscode.lock
2025-07-28 09:43:47.792 [debug] [FileEventLogger][onWorkspaceWorkingTreeFileChange] /home/user/studio/~/.local/share/code-server/User/workspaceStorage/166a38c3/vscode.lock
2025-07-28 09:43:48.797 [debug] [FileEventLogger][onWorkspaceWorkingTreeFileChange] /home/user/studio/~/.local/share/code-server/User/workspaceStorage/166a38c3/vscode.lock
2025-07-28 09:43:49.798 [debug] [FileEventLogger][onWorkspaceWorkingTreeFileChange] /home/user/studio/~/.local/share/code-server/User/workspaceStorage/166a38c3/vscode.lock
2025-07-28 09:43:50.795 [debug] [FileEventLogger][onWorkspaceWorkingTreeFileChange] /home/user/studio/~/.local/share/code-server/User/workspaceStorage/166a38c3/vscode.lock
2025-07-28 09:43:51.798 [debug] [FileEventLogger][onWorkspaceWorkingTreeFileChange] /home/user/studio/~/.local/share/code-server/User/workspaceStorage/166a38c3/vscode.lock
2025-07-28 09:43:52.809 [debug] [FileEventLogger][onWorkspaceWorkingTreeFileChange] /home/user/studio/~/.local/share/code-server/User/workspaceStorage/166a38c3/vscode.lock
2025-07-28 09:43:53.796 [debug] [FileEventLogger][onWorkspaceWorkingTreeFileChange] /home/user/studio/~/.local/share/code-server/User/workspaceStorage/166a38c3/vscode.lock
2025-07-28 09:43:54.802 [debug] [FileEventLogger][onWorkspaceWorkingTreeFileChange] /home/user/studio/~/.local/share/code-server/User/workspaceStorage/166a38c3/vscode.lock
2025-07-28 09:43:55.804 [debug] [FileEventLogger][onWorkspaceWorkingTreeFileChange] /home/user/studio/~/.local/share/code-server/User/workspaceStorage/166a38c3/vscode.lock
2025-07-28 09:43:56.802 [debug] [FileEventLogger][onWorkspaceWorkingTreeFileChange] /home/user/studio/~/.local/share/code-server/User/workspaceStorage/166a38c3/vscode.lock
2025-07-28 09:43:57.814 [debug] [FileEventLogger][onWorkspaceWorkingTreeFileChange] /home/user/studio/~/.local/share/code-server/User/workspaceStorage/166a38c3/vscode.lock
2025-07-28 09:43:58.802 [debug] [FileEventLogger][onWorkspaceWorkingTreeFileChange] /home/user/studio/~/.local/share/code-server/User/workspaceStorage/166a38c3/vscode.lock
2025-07-28 09:43:59.806 [debug] [FileEventLogger][onWorkspaceWorkingTreeFileChange] /home/user/studio/~/.local/share/code-server/User/workspaceStorage/166a38c3/vscode.lock
2025-07-28 09:44:00.810 [debug] [FileEventLogger][onWorkspaceWorkingTreeFileChange] /home/user/studio/~/.local/share/code-server/User/workspaceStorage/166a38c3/vscode.lock
2025-07-28 09:44:01.807 [debug] [FileEventLogger][onWorkspaceWorkingTreeFileChange] /home/user/studio/~/.local/share/code-server/User/workspaceStorage/166a38c3/vscode.lock
2025-07-28 09:44:02.808 [debug] [FileEventLogger][onWorkspaceWorkingTreeFileChange] /home/user/studio/~/.local/share/code-server/User/workspaceStorage/166a38c3/vscode.lock
2025-07-28 09:44:03.810 [debug] [FileEventLogger][onWorkspaceWorkingTreeFileChange] /home/user/studio/~/.local/share/code-server/User/workspaceStorage/166a38c3/vscode.lock
2025-07-28 09:44:04.811 [debug] [FileEventLogger][onWorkspaceWorkingTreeFileChange] /home/user/studio/~/.local/share/code-server/User/workspaceStorage/166a38c3/vscode.lock
2025-07-28 09:44:05.812 [debug] [FileEventLogger][onWorkspaceWorkingTreeFileChange] /home/user/studio/~/.local/share/code-server/User/workspaceStorage/166a38c3/vscode.lock
2025-07-28 09:44:06.815 [debug] [FileEventLogger][onWorkspaceWorkingTreeFileChange] /home/user/studio/~/.local/share/code-server/User/workspaceStorage/166a38c3/vscode.lock
2025-07-28 09:44:07.817 [debug] [FileEventLogger][onWorkspaceWorkingTreeFileChange] /home/user/studio/~/.local/share/code-server/User/workspaceStorage/166a38c3/vscode.lock
2025-07-28 09:44:08.814 [debug] [FileEventLogger][onWorkspaceWorkingTreeFileChange] /home/user/studio/~/.local/share/code-server/User/workspaceStorage/166a38c3/vscode.lock
2025-07-28 09:44:09.814 [debug] [FileEventLogger][onWorkspaceWorkingTreeFileChange] /home/user/studio/~/.local/share/code-server/User/workspaceStorage/166a38c3/vscode.lock
2025-07-28 09:44:10.815 [debug] [FileEventLogger][onWorkspaceWorkingTreeFileChange] /home/user/studio/~/.local/share/code-server/User/workspaceStorage/166a38c3/vscode.lock
2025-07-28 09:44:11.818 [debug] [FileEventLogger][onWorkspaceWorkingTreeFileChange] /home/user/studio/~/.local/share/code-server/User/workspaceStorage/166a38c3/vscode.lock
2025-07-28 09:44:12.819 [debug] [FileEventLogger][onWorkspaceWorkingTreeFileChange] /home/user/studio/~/.local/share/code-server/User/workspaceStorage/166a38c3/vscode.lock
2025-07-28 09:44:13.829 [debug] [FileEventLogger][onWorkspaceWorkingTreeFileChange] /home/user/studio/~/.local/share/code-server/User/workspaceStorage/166a38c3/vscode.lock
2025-07-28 09:44:14.863 [debug] [FileEventLogger][onWorkspaceWorkingTreeFileChange] /home/user/studio/~/.local/share/code-server/User/workspaceStorage/166a38c3/vscode.lock
2025-07-28 09:44:15.864 [debug] [FileEventLogger][onWorkspaceWorkingTreeFileChange] /home/user/studio/~/.local/share/code-server/User/workspaceStorage/166a38c3/vscode.lock
2025-07-28 09:44:16.867 [debug] [FileEventLogger][onWorkspaceWorkingTreeFileChange] /home/user/studio/~/.local/share/code-server/User/workspaceStorage/166a38c3/vscode.lock
2025-07-28 09:44:17.827 [debug] [FileEventLogger][onWorkspaceWorkingTreeFileChange] /home/user/studio/~/.local/share/code-server/User/workspaceStorage/166a38c3/vscode.lock
2025-07-28 09:44:18.829 [debug] [FileEventLogger][onWorkspaceWorkingTreeFileChange] /home/user/studio/~/.local/share/code-server/User/workspaceStorage/166a38c3/vscode.lock
2025-07-28 09:44:19.830 [debug] [FileEventLogger][onWorkspaceWorkingTreeFileChange] /home/user/studio/~/.local/share/code-server/User/workspaceStorage/166a38c3/vscode.lock
2025-07-28 09:44:20.908 [debug] [FileEventLogger][onWorkspaceWorkingTreeFileChange] /home/user/studio/~/.local/share/code-server/User/workspaceStorage/166a38c3/vscode.lock
2025-07-28 09:44:21.931 [debug] [FileEventLogger][onWorkspaceWorkingTreeFileChange] /home/user/studio/~/.local/share/code-server/User/workspaceStorage/166a38c3/vscode.lock
2025-07-28 09:44:22.832 [debug] [FileEventLogger][onWorkspaceWorkingTreeFileChange] /home/user/studio/~/.local/share/code-server/User/workspaceStorage/166a38c3/vscode.lock
2025-07-28 09:44:23.757 [debug] [FileEventLogger][onWorkspaceWorkingTreeFileChange] /home/user/studio/firebase-studio-setup.sh
2025-07-28 09:44:23.921 [debug] [FileEventLogger][onWorkspaceWorkingTreeFileChange] /home/user/studio/extensions/windwalker/out/extension.js
2025-07-28 09:44:23.922 [debug] [FileEventLogger][onWorkspaceWorkingTreeFileChange] /home/user/studio/extensions/windwalker/package.json
2025-07-28 09:44:23.923 [debug] [FileEventLogger][onWorkspaceWorkingTreeFileChange] /home/user/studio/extensions/windwalker/src/extension.ts
2025-07-28 09:44:23.923 [debug] [FileEventLogger][onWorkspaceWorkingTreeFileChange] /home/user/studio/firebase-studio-setup.sh
2025-07-28 09:44:23.923 [debug] [FileEventLogger][onWorkspaceWorkingTreeFileChange] /home/user/studio/~/.local/share/code-server/User/workspaceStorage/166a38c3/vscode.lock
2025-07-28 09:44:24.845 [debug] [FileEventLogger][onWorkspaceWorkingTreeFileChange] /home/user/studio/~/.local/share/code-server/User/workspaceStorage/166a38c3/vscode.lock
2025-07-28 09:44:25.497 [debug] [FileEventLogger][onWorkspaceWorkingTreeFileChange] /home/user/studio/node_modules/@emnapi/runtime
2025-07-28 09:44:25.498 [debug] [FileEventLogger][onWorkspaceWorkingTreeFileChange] /home/user/studio/node_modules/@emnapi/runtime/LICENSE
2025-07-28 09:44:25.498 [debug] [FileEventLogger][onWorkspaceWorkingTreeFileChange] /home/user/studio/node_modules/@emnapi/runtime/README.md
2025-07-28 09:44:25.498 [debug] [FileEventLogger][onWorkspaceWorkingTreeFileChange] /home/user/studio/node_modules/@emnapi/runtime/dist
2025-07-28 09:44:25.498 [debug] [FileEventLogger][onWorkspaceWorkingTreeFileChange] /home/user/studio/node_modules/@emnapi/runtime/dist/emnapi.cjs.js
2025-07-28 09:44:25.498 [debug] [FileEventLogger][onWorkspaceWorkingTreeFileChange] /home/user/studio/node_modules/@emnapi/runtime/dist/emnapi.cjs.min.d.ts
2025-07-28 09:44:25.498 [debug] [FileEventLogger][onWorkspaceWorkingTreeFileChange] /home/user/studio/node_modules/@emnapi/runtime/dist/emnapi.cjs.min.js
2025-07-28 09:44:25.498 [debug] [FileEventLogger][onWorkspaceWorkingTreeFileChange] /home/user/studio/node_modules/@emnapi/runtime/dist/emnapi.d.mts
2025-07-28 09:44:25.498 [debug] [FileEventLogger][onWorkspaceWorkingTreeFileChange] /home/user/studio/node_modules/@emnapi/runtime/dist/emnapi.d.ts
2025-07-28 09:44:25.498 [debug] [FileEventLogger][onWorkspaceWorkingTreeFileChange] /home/user/studio/node_modules/@emnapi/runtime/dist/emnapi.esm-bundler.js
2025-07-28 09:44:25.498 [debug] [FileEventLogger][onWorkspaceWorkingTreeFileChange] /home/user/studio/node_modules/@emnapi/runtime/dist/emnapi.iife.d.ts
2025-07-28 09:44:25.498 [debug] [FileEventLogger][onWorkspaceWorkingTreeFileChange] /home/user/studio/node_modules/@emnapi/runtime/dist/emnapi.iife.js
2025-07-28 09:44:25.498 [debug] [FileEventLogger][onWorkspaceWorkingTreeFileChange] /home/user/studio/node_modules/@emnapi/runtime/dist/emnapi.js
2025-07-28 09:44:25.498 [debug] [FileEventLogger][onWorkspaceWorkingTreeFileChange] /home/user/studio/node_modules/@emnapi/runtime/dist/emnapi.min.d.mts
2025-07-28 09:44:25.498 [debug] [FileEventLogger][onWorkspaceWorkingTreeFileChange] /home/user/studio/node_modules/@emnapi/runtime/dist/emnapi.min.js
2025-07-28 09:44:25.498 [debug] [FileEventLogger][onWorkspaceWorkingTreeFileChange] /home/user/studio/node_modules/@emnapi/runtime/dist/emnapi.min.mjs
2025-07-28 09:44:25.498 [debug] [FileEventLogger][onWorkspaceWorkingTreeFileChange] /home/user/studio/node_modules/@emnapi/runtime/dist/emnapi.mjs
2025-07-28 09:44:25.498 [debug] [FileEventLogger][onWorkspaceWorkingTreeFileChange] /home/user/studio/node_modules/@emnapi/runtime/index.js
2025-07-28 09:44:25.498 [debug] [FileEventLogger][onWorkspaceWorkingTreeFileChange] /home/user/studio/node_modules/@emnapi/runtime/package.json
2025-07-28 09:44:25.498 [debug] [FileEventLogger][onWorkspaceWorkingTreeFileChange] /home/user/studio/node_modules/@esbuild/aix-ppc64
2025-07-28 09:44:25.498 [debug] [FileEventLogger][onWorkspaceWorkingTreeFileChange] /home/user/studio/node_modules/@esbuild/android-arm
2025-07-28 09:44:25.498 [debug] [FileEventLogger][onWorkspaceWorkingTreeFileChange] /home/user/studio/node_modules/@esbuild/android-arm64
2025-07-28 09:44:25.498 [debug] [FileEventLogger][onWorkspaceWorkingTreeFileChange] /home/user/studio/node_modules/@esbuild/android-x64
2025-07-28 09:44:25.498 [debug] [FileEventLogger][onWorkspaceWorkingTreeFileChange] /home/user/studio/node_modules/@esbuild/darwin-arm64
2025-07-28 09:44:25.498 [debug] [FileEventLogger][onWorkspaceWorkingTreeFileChange] /home/user/studio/node_modules/@esbuild/darwin-x64
2025-07-28 09:44:25.498 [debug] [FileEventLogger][onWorkspaceWorkingTreeFileChange] /home/user/studio/node_modules/@esbuild/freebsd-arm64
2025-07-28 09:44:25.498 [debug] [FileEventLogger][onWorkspaceWorkingTreeFileChange] /home/user/studio/node_modules/@esbuild/freebsd-x64
2025-07-28 09:44:25.498 [debug] [FileEventLogger][onWorkspaceWorkingTreeFileChange] /home/user/studio/node_modules/@esbuild/linux-arm
2025-07-28 09:44:25.498 [debug] [FileEventLogger][onWorkspaceWorkingTreeFileChange] /home/user/studio/node_modules/@esbuild/linux-arm64
2025-07-28 09:44:25.498 [debug] [FileEventLogger][onWorkspaceWorkingTreeFileChange] /home/user/studio/node_modules/@esbuild/linux-ia32
2025-07-28 09:44:25.498 [debug] [FileEventLogger][onWorkspaceWorkingTreeFileChange] /home/user/studio/node_modules/@esbuild/linux-loong64
2025-07-28 09:44:25.498 [debug] [FileEventLogger][onWorkspaceWorkingTreeFileChange] /home/user/studio/node_modules/@esbuild/linux-mips64el
2025-07-28 09:44:25.498 [debug] [FileEventLogger][onWorkspaceWorkingTreeFileChange] /home/user/studio/node_modules/@esbuild/linux-ppc64
2025-07-28 09:44:25.498 [debug] [FileEventLogger][onWorkspaceWorkingTreeFileChange] /home/user/studio/node_modules/@esbuild/linux-riscv64
2025-07-28 09:44:25.498 [debug] [FileEventLogger][onWorkspaceWorkingTreeFileChange] /home/user/studio/node_modules/@esbuild/linux-s390x
2025-07-28 09:44:25.498 [debug] [FileEventLogger][onWorkspaceWorkingTreeFileChange] /home/user/studio/node_modules/@esbuild/netbsd-arm64
2025-07-28 09:44:25.498 [debug] [FileEventLogger][onWorkspaceWorkingTreeFileChange] /home/user/studio/node_modules/@esbuild/netbsd-x64
2025-07-28 09:44:25.498 [debug] [FileEventLogger][onWorkspaceWorkingTreeFileChange] /home/user/studio/node_modules/@esbuild/openbsd-arm64
2025-07-28 09:44:25.498 [debug] [FileEventLogger][onWorkspaceWorkingTreeFileChange] /home/user/studio/node_modules/@esbuild/openbsd-x64
2025-07-28 09:44:25.498 [debug] [FileEventLogger][onWorkspaceWorkingTreeFileChange] /home/user/studio/node_modules/@esbuild/openharmony-arm64
2025-07-28 09:44:25.498 [debug] [FileEventLogger][onWorkspaceWorkingTreeFileChange] /home/user/studio/node_modules/@esbuild/sunos-x64
2025-07-28 09:44:25.498 [debug] [FileEventLogger][onWorkspaceWorkingTreeFileChange] /home/user/studio/node_modules/@esbuild/win32-arm64
2025-07-28 09:44:25.498 [debug] [FileEventLogger][onWorkspaceWorkingTreeFileChange] /home/user/studio/node_modules/@esbuild/win32-ia32
2025-07-28 09:44:25.498 [debug] [FileEventLogger][onWorkspaceWorkingTreeFileChange] /home/user/studio/node_modules/@esbuild/win32-x64
2025-07-28 09:44:25.498 [debug] [FileEventLogger][onWorkspaceWorkingTreeFileChange] /home/user/studio/node_modules/@img/sharp-darwin-arm64
2025-07-28 09:44:25.498 [debug] [FileEventLogger][onWorkspaceWorkingTreeFileChange] /home/user/studio/node_modules/@img/sharp-darwin-x64
2025-07-28 09:44:25.498 [debug] [FileEventLogger][onWorkspaceWorkingTreeFileChange] /home/user/studio/node_modules/@img/sharp-libvips-darwin-arm64
2025-07-28 09:44:25.498 [debug] [FileEventLogger][onWorkspaceWorkingTreeFileChange] /home/user/studio/node_modules/@img/sharp-libvips-darwin-x64
2025-07-28 09:44:25.498 [debug] [FileEventLogger][onWorkspaceWorkingTreeFileChange] /home/user/studio/node_modules/@img/sharp-libvips-linux-arm
2025-07-28 09:44:25.498 [debug] [FileEventLogger][onWorkspaceWorkingTreeFileChange] /home/user/studio/node_modules/@img/sharp-libvips-linux-arm64
2025-07-28 09:44:25.498 [debug] [FileEventLogger][onWorkspaceWorkingTreeFileChange] /home/user/studio/node_modules/@img/sharp-libvips-linux-ppc64
2025-07-28 09:44:25.504 [debug] [FileEventLogger][onWorkspaceWorkingTreeFileChange] /home/user/studio/node_modules/@img/sharp-libvips-linux-s390x
2025-07-28 09:44:25.504 [debug] [FileEventLogger][onWorkspaceWorkingTreeFileChange] /home/user/studio/node_modules/@img/sharp-libvips-linuxmusl-arm64
2025-07-28 09:44:25.504 [debug] [FileEventLogger][onWorkspaceWorkingTreeFileChange] /home/user/studio/node_modules/@img/sharp-linux-arm
2025-07-28 09:44:25.504 [debug] [FileEventLogger][onWorkspaceWorkingTreeFileChange] /home/user/studio/node_modules/@img/sharp-linux-arm64
2025-07-28 09:44:25.504 [debug] [FileEventLogger][onWorkspaceWorkingTreeFileChange] /home/user/studio/node_modules/@img/sharp-linux-s390x
2025-07-28 09:44:25.504 [debug] [FileEventLogger][onWorkspaceWorkingTreeFileChange] /home/user/studio/node_modules/@img/sharp-linuxmusl-arm64
2025-07-28 09:44:25.504 [debug] [FileEventLogger][onWorkspaceWorkingTreeFileChange] /home/user/studio/node_modules/@img/sharp-wasm32
2025-07-28 09:44:25.504 [debug] [FileEventLogger][onWorkspaceWorkingTreeFileChange] /home/user/studio/node_modules/@img/sharp-win32-arm64
2025-07-28 09:44:25.504 [debug] [FileEventLogger][onWorkspaceWorkingTreeFileChange] /home/user/studio/node_modules/@img/sharp-win32-ia32
2025-07-28 09:44:25.505 [debug] [FileEventLogger][onWorkspaceWorkingTreeFileChange] /home/user/studio/node_modules/@img/sharp-win32-x64
2025-07-28 09:44:25.505 [debug] [FileEventLogger][onWorkspaceWorkingTreeFileChange] /home/user/studio/node_modules/@next/swc-darwin-arm64
2025-07-28 09:44:25.505 [debug] [FileEventLogger][onWorkspaceWorkingTreeFileChange] /home/user/studio/node_modules/@next/swc-darwin-x64
2025-07-28 09:44:25.505 [debug] [FileEventLogger][onWorkspaceWorkingTreeFileChange] /home/user/studio/node_modules/@next/swc-linux-arm64-gnu
2025-07-28 09:44:25.505 [debug] [FileEventLogger][onWorkspaceWorkingTreeFileChange] /home/user/studio/node_modules/@next/swc-linux-arm64-musl
2025-07-28 09:44:26.310 [debug] [FileEventLogger][onWorkspaceWorkingTreeFileChange] /home/user/studio/package-lock.json
2025-07-28 09:44:26.310 [debug] [FileEventLogger][onWorkspaceWorkingTreeFileChange] /home/user/studio/~/.local/share/code-server/User/workspaceStorage/166a38c3/vscode.lock
2025-07-28 09:44:26.310 [debug] [FileEventLogger][onWorkspaceWorkingTreeFileChange] /home/user/studio/node_modules/.package-lock.json
2025-07-28 09:44:26.310 [debug] [FileEventLogger][onWorkspaceWorkingTreeFileChange] /home/user/studio/node_modules/@emnapi/runtime
2025-07-28 09:44:26.310 [debug] [FileEventLogger][onWorkspaceWorkingTreeFileChange] /home/user/studio/node_modules/@img/sharp-wasm32
2025-07-28 09:44:26.310 [debug] [FileEventLogger][onWorkspaceWorkingTreeFileChange] /home/user/studio/node_modules/@esbuild/aix-ppc64
2025-07-28 09:44:26.310 [debug] [FileEventLogger][onWorkspaceWorkingTreeFileChange] /home/user/studio/node_modules/@esbuild/linux-arm
2025-07-28 09:44:26.310 [debug] [FileEventLogger][onWorkspaceWorkingTreeFileChange] /home/user/studio/node_modules/@esbuild/sunos-x64
2025-07-28 09:44:26.310 [debug] [FileEventLogger][onWorkspaceWorkingTreeFileChange] /home/user/studio/node_modules/@esbuild/win32-x64
2025-07-28 09:44:26.310 [debug] [FileEventLogger][onWorkspaceWorkingTreeFileChange] /home/user/studio/node_modules/@esbuild/darwin-x64
2025-07-28 09:44:26.310 [debug] [FileEventLogger][onWorkspaceWorkingTreeFileChange] /home/user/studio/node_modules/@esbuild/linux-ia32
2025-07-28 09:44:26.310 [debug] [FileEventLogger][onWorkspaceWorkingTreeFileChange] /home/user/studio/node_modules/@esbuild/netbsd-x64
2025-07-28 09:44:26.310 [debug] [FileEventLogger][onWorkspaceWorkingTreeFileChange] /home/user/studio/node_modules/@esbuild/win32-ia32
2025-07-28 09:44:26.310 [debug] [FileEventLogger][onWorkspaceWorkingTreeFileChange] /home/user/studio/node_modules/@esbuild/android-arm
2025-07-28 09:44:26.310 [debug] [FileEventLogger][onWorkspaceWorkingTreeFileChange] /home/user/studio/node_modules/@esbuild/android-x64
2025-07-28 09:44:26.310 [debug] [FileEventLogger][onWorkspaceWorkingTreeFileChange] /home/user/studio/node_modules/@esbuild/freebsd-x64
2025-07-28 09:44:26.310 [debug] [FileEventLogger][onWorkspaceWorkingTreeFileChange] /home/user/studio/node_modules/@esbuild/linux-arm64
2025-07-28 09:44:26.310 [debug] [FileEventLogger][onWorkspaceWorkingTreeFileChange] /home/user/studio/node_modules/@esbuild/linux-ppc64
2025-07-28 09:44:26.310 [debug] [FileEventLogger][onWorkspaceWorkingTreeFileChange] /home/user/studio/node_modules/@esbuild/linux-s390x
2025-07-28 09:44:26.310 [debug] [FileEventLogger][onWorkspaceWorkingTreeFileChange] /home/user/studio/node_modules/@esbuild/openbsd-x64
2025-07-28 09:44:26.310 [debug] [FileEventLogger][onWorkspaceWorkingTreeFileChange] /home/user/studio/node_modules/@esbuild/win32-arm64
2025-07-28 09:44:26.310 [debug] [FileEventLogger][onWorkspaceWorkingTreeFileChange] /home/user/studio/node_modules/@img/sharp-linux-arm
2025-07-28 09:44:26.310 [debug] [FileEventLogger][onWorkspaceWorkingTreeFileChange] /home/user/studio/node_modules/@img/sharp-win32-x64
2025-07-28 09:44:26.310 [debug] [FileEventLogger][onWorkspaceWorkingTreeFileChange] /home/user/studio/node_modules/@next/swc-darwin-x64
2025-07-28 09:44:26.310 [debug] [FileEventLogger][onWorkspaceWorkingTreeFileChange] /home/user/studio/node_modules/@esbuild/darwin-arm64
2025-07-28 09:44:26.310 [debug] [FileEventLogger][onWorkspaceWorkingTreeFileChange] /home/user/studio/node_modules/@esbuild/netbsd-arm64
2025-07-28 09:44:26.310 [debug] [FileEventLogger][onWorkspaceWorkingTreeFileChange] /home/user/studio/node_modules/@img/sharp-darwin-x64
2025-07-28 09:44:26.310 [debug] [FileEventLogger][onWorkspaceWorkingTreeFileChange] /home/user/studio/node_modules/@img/sharp-win32-ia32
2025-07-28 09:44:26.310 [debug] [FileEventLogger][onWorkspaceWorkingTreeFileChange] /home/user/studio/node_modules/@esbuild/android-arm64
2025-07-28 09:44:26.310 [debug] [FileEventLogger][onWorkspaceWorkingTreeFileChange] /home/user/studio/node_modules/@esbuild/freebsd-arm64
2025-07-28 09:44:26.310 [debug] [FileEventLogger][onWorkspaceWorkingTreeFileChange] /home/user/studio/node_modules/@esbuild/linux-loong64
2025-07-28 09:44:26.310 [debug] [FileEventLogger][onWorkspaceWorkingTreeFileChange] /home/user/studio/node_modules/@esbuild/linux-riscv64
2025-07-28 09:44:26.310 [debug] [FileEventLogger][onWorkspaceWorkingTreeFileChange] /home/user/studio/node_modules/@esbuild/openbsd-arm64
2025-07-28 09:44:26.310 [debug] [FileEventLogger][onWorkspaceWorkingTreeFileChange] /home/user/studio/node_modules/@img/sharp-linux-arm64
2025-07-28 09:44:26.310 [debug] [FileEventLogger][onWorkspaceWorkingTreeFileChange] /home/user/studio/node_modules/@img/sharp-linux-s390x
2025-07-28 09:44:26.310 [debug] [FileEventLogger][onWorkspaceWorkingTreeFileChange] /home/user/studio/node_modules/@img/sharp-win32-arm64
2025-07-28 09:44:26.310 [debug] [FileEventLogger][onWorkspaceWorkingTreeFileChange] /home/user/studio/node_modules/@next/swc-darwin-arm64
2025-07-28 09:44:26.310 [debug] [FileEventLogger][onWorkspaceWorkingTreeFileChange] /home/user/studio/node_modules/@esbuild/linux-mips64el
2025-07-28 09:44:26.310 [debug] [FileEventLogger][onWorkspaceWorkingTreeFileChange] /home/user/studio/node_modules/@img/sharp-darwin-arm64
2025-07-28 09:44:26.310 [debug] [FileEventLogger][onWorkspaceWorkingTreeFileChange] /home/user/studio/node_modules/@next/swc-linux-arm64-gnu
2025-07-28 09:44:26.310 [debug] [FileEventLogger][onWorkspaceWorkingTreeFileChange] /home/user/studio/node_modules/@esbuild/openharmony-arm64
2025-07-28 09:44:26.310 [debug] [FileEventLogger][onWorkspaceWorkingTreeFileChange] /home/user/studio/node_modules/@img/sharp-linuxmusl-arm64
2025-07-28 09:44:26.310 [debug] [FileEventLogger][onWorkspaceWorkingTreeFileChange] /home/user/studio/node_modules/@next/swc-linux-arm64-musl
2025-07-28 09:44:26.310 [debug] [FileEventLogger][onWorkspaceWorkingTreeFileChange] /home/user/studio/node_modules/@img/sharp-libvips-linux-arm
2025-07-28 09:44:26.310 [debug] [FileEventLogger][onWorkspaceWorkingTreeFileChange] /home/user/studio/node_modules/@img/sharp-libvips-darwin-x64
2025-07-28 09:44:26.310 [debug] [FileEventLogger][onWorkspaceWorkingTreeFileChange] /home/user/studio/node_modules/@img/sharp-libvips-linux-arm64
2025-07-28 09:44:26.310 [debug] [FileEventLogger][onWorkspaceWorkingTreeFileChange] /home/user/studio/node_modules/@img/sharp-libvips-linux-ppc64
2025-07-28 09:44:26.310 [debug] [FileEventLogger][onWorkspaceWorkingTreeFileChange] /home/user/studio/node_modules/@img/sharp-libvips-linux-s390x
2025-07-28 09:44:26.310 [debug] [FileEventLogger][onWorkspaceWorkingTreeFileChange] /home/user/studio/node_modules/@img/sharp-libvips-darwin-arm64
2025-07-28 09:44:26.310 [debug] [FileEventLogger][onWorkspaceWorkingTreeFileChange] /home/user/studio/node_modules/@img/sharp-libvips-linuxmusl-arm64
2025-07-28 09:44:26.432 [debug] [FileEventLogger][onWorkspaceWorkingTreeFileChange] /home/user/studio/~/.local/share/code-server/code-server-ipc.sock
2025-07-28 09:44:26.550 [debug] [FileEventLogger][onWorkspaceWorkingTreeFileChange] /home/user/studio/.modified
2025-07-28 09:44:26.775 [debug] [FileEventLogger][onWorkspaceWorkingTreeFileChange] /home/user/studio/.next/_events.json
2025-07-28 09:44:26.775 [debug] [FileEventLogger][onWorkspaceWorkingTreeFileChange] /home/user/studio/.next/trace
2025-07-28 09:44:26.925 [debug] [FileEventLogger][onWorkspaceWorkingTreeFileChange] /home/user/studio/~/.local/share/code-server/User/workspaceStorage/166a38c3/vscode.lock
2025-07-28 09:44:26.927 [debug] [FileEventLogger][onWorkspaceWorkingTreeFileChange] /home/user/studio/~/.local/share/code-server/logs/20250728T093727/exthost1/output_logging_20250728T093734/1-Tailwind CSS IntelliSense.log
2025-07-28 09:44:27.020 [debug] [FileEventLogger][onWorkspaceWorkingTreeFileChange] /home/user/studio/~/.local/share/code-server/logs/20250728T093727/exthost1/output_logging_20250728T093734/1-Tailwind CSS IntelliSense.log
2025-07-28 09:44:27.850 [debug] [FileEventLogger][onWorkspaceWorkingTreeFileChange] /home/user/studio/~/.local/share/code-server/User/workspaceStorage/166a38c3/vscode.lock
2025-07-28 09:44:28.865 [debug] [FileEventLogger][onWorkspaceWorkingTreeFileChange] /home/user/studio/~/.local/share/code-server/User/workspaceStorage/166a38c3/vscode.lock
